[2026-05-30T01:34:03.085Z] === enrich-companies.js 시작 ===
[2026-05-30T01:34:03.087Z] 회사 목록 수집 중...
[2026-05-30T01:34:04.065Z]   페이지 1/54 로드 완료 (100건)
[2026-05-30T01:34:04.575Z]   페이지 2/54 로드 완료 (100건)
[2026-05-30T01:34:05.092Z]   페이지 3/54 로드 완료 (100건)
[2026-05-30T01:34:05.605Z]   페이지 4/54 로드 완료 (100건)
[2026-05-30T01:34:06.210Z]   페이지 5/54 로드 완료 (100건)
[2026-05-30T01:34:06.720Z]   페이지 6/54 로드 완료 (100건)
[2026-05-30T01:34:07.240Z]   페이지 7/54 로드 완료 (100건)
[2026-05-30T01:34:07.756Z]   페이지 8/54 로드 완료 (100건)
[2026-05-30T01:34:08.278Z]   페이지 9/54 로드 완료 (100건)
[2026-05-30T01:34:08.798Z]   페이지 10/54 로드 완료 (100건)
[2026-05-30T01:34:09.305Z]   페이지 11/54 로드 완료 (100건)
[2026-05-30T01:34:09.877Z]   페이지 12/54 로드 완료 (100건)
[2026-05-30T01:34:10.390Z]   페이지 13/54 로드 완료 (100건)
[2026-05-30T01:34:10.897Z]   페이지 14/54 로드 완료 (100건)
[2026-05-30T01:34:11.413Z]   페이지 15/54 로드 완료 (100건)
[2026-05-30T01:34:11.926Z]   페이지 16/54 로드 완료 (100건)
[2026-05-30T01:34:12.433Z]   페이지 17/54 로드 완료 (100건)
[2026-05-30T01:34:12.948Z]   페이지 18/54 로드 완료 (100건)
[2026-05-30T01:34:13.461Z]   페이지 19/54 로드 완료 (100건)
[2026-05-30T01:34:13.983Z]   페이지 20/54 로드 완료 (100건)
[2026-05-30T01:34:14.486Z]   페이지 21/54 로드 완료 (100건)
[2026-05-30T01:34:15.011Z]   페이지 22/54 로드 완료 (100건)
[2026-05-30T01:34:15.519Z]   페이지 23/54 로드 완료 (100건)
[2026-05-30T01:34:16.042Z]   페이지 24/54 로드 완료 (100건)
[2026-05-30T01:34:16.554Z]   페이지 25/54 로드 완료 (100건)
[2026-05-30T01:34:17.069Z]   페이지 26/54 로드 완료 (100건)
[2026-05-30T01:34:17.586Z]   페이지 27/54 로드 완료 (100건)
[2026-05-30T01:34:18.116Z]   페이지 28/54 로드 완료 (100건)
[2026-05-30T01:34:18.632Z]   페이지 29/54 로드 완료 (100건)
[2026-05-30T01:34:19.150Z]   페이지 30/54 로드 완료 (100건)
[2026-05-30T01:34:19.662Z]   페이지 31/54 로드 완료 (100건)
[2026-05-30T01:34:20.176Z]   페이지 32/54 로드 완료 (100건)
[2026-05-30T01:34:20.686Z]   페이지 33/54 로드 완료 (100건)
[2026-05-30T01:34:21.198Z]   페이지 34/54 로드 완료 (100건)
[2026-05-30T01:34:21.716Z]   페이지 35/54 로드 완료 (100건)
[2026-05-30T01:34:22.222Z]   페이지 36/54 로드 완료 (100건)
[2026-05-30T01:34:22.736Z]   페이지 37/54 로드 완료 (100건)
[2026-05-30T01:34:23.251Z]   페이지 38/54 로드 완료 (100건)
[2026-05-30T01:34:23.750Z]   페이지 39/54 로드 완료 (100건)
[2026-05-30T01:34:24.347Z]   페이지 40/54 로드 완료 (100건)
[2026-05-30T01:34:24.839Z]   페이지 41/54 로드 완료 (100건)
[2026-05-30T01:34:25.339Z]   페이지 42/54 로드 완료 (100건)
[2026-05-30T01:34:25.836Z]   페이지 43/54 로드 완료 (100건)
[2026-05-30T01:34:26.326Z]   페이지 44/54 로드 완료 (100건)
[2026-05-30T01:34:26.819Z]   페이지 45/54 로드 완료 (100건)
[2026-05-30T01:34:27.317Z]   페이지 46/54 로드 완료 (100건)
[2026-05-30T01:34:27.817Z]   페이지 47/54 로드 완료 (100건)
[2026-05-30T01:34:28.312Z]   페이지 48/54 로드 완료 (100건)
[2026-05-30T01:34:28.811Z]   페이지 49/54 로드 완료 (100건)
[2026-05-30T01:34:29.310Z]   페이지 50/54 로드 완료 (100건)
[2026-05-30T01:34:29.814Z]   페이지 51/54 로드 완료 (100건)
[2026-05-30T01:34:30.313Z]   페이지 52/54 로드 완료 (100건)
[2026-05-30T01:34:30.813Z]   페이지 53/54 로드 완료 (100건)
[2026-05-30T01:34:31.309Z]   페이지 54/54 로드 완료 (81건)
[2026-05-30T01:34:31.311Z] 총 5381개 회사 수집 완료
[2026-05-30T01:34:31.312Z] 처리 대상: 5381개 (인덱스 0~5380)
[2026-05-30T01:34:31.312Z] [1/5381] SKIP (KOREAN FOUNDATION FOR QUALITY)한국품질재단 베트남 — no source_url
[2026-05-30T01:34:31.313Z] [2/5381] SKIP ㈜ 금가 베트남 법인 — no source_url
[2026-05-30T01:34:31.313Z] [3/5381] SKIP ㈜ 신용 — no source_url
[2026-05-30T01:34:31.313Z] [4/5381] SKIP ㈜ 엑사 베트남 — no source_url
[2026-05-30T01:34:31.314Z] [5/5381] SKIP ㈜ 엔아이비나 — no source_url
[2026-05-30T01:34:31.314Z] [6/5381] SKIP ㈜HJC — no source_url
[2026-05-30T01:34:31.314Z] [7/5381] SKIP ㈜건화 — no source_url
[2026-05-30T01:34:31.315Z] [8/5381] SKIP ㈜대신운송 — no source_url
[2026-05-30T01:34:31.315Z] [9/5381] SKIP ㈜두라 로지스틱스 — no source_url
[2026-05-30T01:34:31.315Z] [10/5381] SKIP ㈜디에이그룹 엔지니어링 종합건축사사무소 — no source_url
[2026-05-30T01:34:31.315Z] [11/5381] SKIP ㈜브이디에스 — no source_url
[2026-05-30T01:34:31.316Z] [12/5381] SKIP ㈜신티에스 BVT — no source_url
[2026-05-30T01:34:31.316Z] [13/5381] SKIP ㈜에이원 알폼 — no source_url
[2026-05-30T01:34:31.316Z] [14/5381] SKIP ㈜엠비아이 — no source_url
[2026-05-30T01:34:31.317Z] [15/5381] SKIP ㈜오리엔탈 코머스 — no source_url
[2026-05-30T01:34:31.317Z] [16/5381] SKIP ㈜진에어 — no source_url
[2026-05-30T01:34:31.317Z] [17/5381] SKIP ㈜케이시스템 — no source_url
[2026-05-30T01:34:31.317Z] [18/5381] SKIP ㈜케이제이티티 — no source_url
[2026-05-30T01:34:31.318Z] [19/5381] SKIP ㈜케이피에프 비나 — no source_url
[2026-05-30T01:34:31.318Z] [20/5381] SKIP ㈜토펙엔지니어링 — no source_url
[2026-05-30T01:34:31.318Z] [21/5381] SKIP ㈜피앰아이 데이터 서비스 — no source_url
[2026-05-30T01:34:31.319Z] [22/5381] SKIP ㈜하이비나 킴리엔 법인 — no source_url
[2026-05-30T01:34:31.319Z] [23/5381] SKIP ㈜하이비나 하이증 법인 — no source_url
[2026-05-30T01:34:31.319Z] [24/5381] SKIP ㈜한국팬트라 — no source_url
[2026-05-30T01:34:31.319Z] [25/5381] SKIP ㈜훈랩 — no source_url
[2026-05-30T01:34:31.320Z] [26/5381] SKIP (사) 한국기술사업화진흥협회 — no source_url
[2026-05-30T01:34:31.320Z] [27/5381] SKIP (사)대우세계경영연구회 — no source_url
[2026-05-30T01:34:31.320Z] [28/5381] SKIP (유) 두올테크 베트남 — no source_url
[2026-05-30T01:34:31.321Z] [29/5381] SKIP (유) 베트남 비전 세미콘 — no source_url
[2026-05-30T01:34:31.321Z] [30/5381] SKIP (유) 알티미디어 베트남 — no source_url
[2026-05-30T01:34:31.321Z] [31/5381] SKIP (주) KIMC — no source_url
[2026-05-30T01:34:31.321Z] [32/5381] SKIP (주) 그린푸드 — no source_url
[2026-05-30T01:34:31.322Z] [33/5381] SKIP (주) 남양 글로벌 — no source_url
[2026-05-30T01:34:31.322Z] [34/5381] SKIP (주) 다연비쥬 베트남 — no source_url
[2026-05-30T01:34:31.322Z] [35/5381] SKIP (주) 대현에스티제이비 비나 — no source_url
[2026-05-30T01:34:31.323Z] [36/5381] SKIP (주) 더블유아이씨씨코리아 — no source_url
[2026-05-30T01:34:31.323Z] [37/5381] SKIP (주) 듀얼아이 — no source_url
[2026-05-30T01:34:31.323Z] [38/5381] SKIP (주) 마키테크 — no source_url
[2026-05-30T01:34:31.324Z] [39/5381] SKIP (주) 맥스인터내셔날 — no source_url
[2026-05-30T01:34:31.324Z] [40/5381] SKIP (주) 비씨티 비나 — no source_url
[2026-05-30T01:34:31.324Z] [41/5381] SKIP (주) 세양물산 — no source_url
[2026-05-30T01:34:31.324Z] [42/5381] SKIP (주) 시안인트로 — no source_url
[2026-05-30T01:34:31.325Z] [43/5381] SKIP (주) 아시아종묘 베트남 법인 — no source_url
[2026-05-30T01:34:31.325Z] [44/5381] SKIP (주) 아워홈 — no source_url
[2026-05-30T01:34:31.325Z] [45/5381] SKIP (주) 에너지와 공조 — no source_url
[2026-05-30T01:34:31.325Z] [46/5381] SKIP (주) 워터존 베트남 — no source_url
[2026-05-30T01:34:31.325Z] [47/5381] SKIP (주) 유니크 사운드베트남 — no source_url
[2026-05-30T01:34:31.326Z] [48/5381] SKIP (주) 유일초음파베트남 — no source_url
[2026-05-30T01:34:31.326Z] [49/5381] SKIP (주) 유진콤프레샤 — no source_url
[2026-05-30T01:34:31.326Z] [50/5381] SKIP (주) 이나비나 — no source_url
[2026-05-30T01:34:31.326Z] [51/5381] SKIP (주) 제이앤씨 베트남 — no source_url
[2026-05-30T01:34:31.326Z] [52/5381] SKIP (주) 카나영 — no source_url
[2026-05-30T01:34:31.327Z] [53/5381] SKIP (주) 카이인터네셔널 베트남 — no source_url
[2026-05-30T01:34:31.327Z] [54/5381] SKIP (주) 케이엠더블유베트남 — no source_url
[2026-05-30T01:34:31.327Z] [55/5381] SKIP (주) 코러브 피엘티 — no source_url
[2026-05-30T01:34:31.327Z] [56/5381] SKIP (주) 파인스몰드 — no source_url
[2026-05-30T01:34:31.327Z] [57/5381] SKIP (주) 피엘인터내셔널 — no source_url
[2026-05-30T01:34:31.328Z] [58/5381] SKIP (주) 허블 — no source_url
[2026-05-30T01:34:31.328Z] [59/5381] SKIP (주) 휴코드 — no source_url
[2026-05-30T01:34:31.328Z] [60/5381] SKIP (주)글로벌스카우트 — no source_url
[2026-05-30T01:34:31.329Z] [61/5381] SKIP (주)다인 토이 비나 — no source_url
[2026-05-30T01:34:31.329Z] [62/5381] SKIP (주)도화엔지니어링 — no source_url
[2026-05-30T01:34:31.329Z] [63/5381] SKIP (주)동강테크 — no source_url
[2026-05-30T01:34:31.329Z] [64/5381] SKIP (주)시노펙스 베트남 — no source_url
[2026-05-30T01:34:31.329Z] [65/5381] SKIP (주)신도리코 베트남 판매법인 — no source_url
[2026-05-30T01:34:31.330Z] [66/5381] SKIP (주)씨노플랜 베트남 — no source_url
[2026-05-30T01:34:31.330Z] [67/5381] SKIP (주)에보컨셉 — no source_url
[2026-05-30T01:34:31.330Z] [68/5381] SKIP (주)영풍전자 베트남 법인 — no source_url
[2026-05-30T01:34:31.330Z] [69/5381] SKIP (주)유신 — no source_url
[2026-05-30T01:34:31.331Z] [70/5381] SKIP (주)지엔케이 — no source_url
[2026-05-30T01:34:31.331Z] [71/5381] SKIP (주)코스텍 비나 — no source_url
[2026-05-30T01:34:31.331Z] [72/5381] SKIP (주)플레이레전드 — no source_url
[2026-05-30T01:34:31.331Z] [73/5381] SKIP (주)하이비나 홍린 법인 — no source_url
[2026-05-30T01:34:31.331Z] [74/5381] SKIP (주)한강기전비나 — no source_url
[2026-05-30T01:34:31.332Z] [75/5381] SKIP (주)한화생명보험 — no source_url
[2026-05-30T01:34:31.332Z] [76/5381] SKIP (주)홍진글로벌 — no source_url
[2026-05-30T01:34:33.238Z] [77/5381] OK   123 Viet Nam transportation services → 직원 "한국인 1명, 베트남인 6명"
[2026-05-30T01:34:34.244Z] [78/5381] SKIP 21세기 한 비나 — no source_url
[2026-05-30T01:34:35.896Z] [79/5381] OK   2J VINA CO.,LTD ( 투제이 비나 ) → 제품 118자, 직원 "한국인 : 5명 내국인 : 20명 그 외 : 1명"
[2026-05-30T01:34:38.316Z] [80/5381] OK   2S E&C VINA COMPANY LIMITED ( 이에스이엔씨비나 ) → 제품 66자, 직원 "한국인 : 3명 내국인 : 1명 그 외 : 명"
[2026-05-30T01:34:39.319Z] [81/5381] SKIP 365 시스코 — no source_url
[2026-05-30T01:34:39.320Z] [82/5381] SKIP 3D 아트인 파라다이스 박물관 — no source_url
[2026-05-30T01:34:40.709Z] [83/5381] OK   3Q VINA ( 트리큐 비나 ) → 제품 26자, 직원 "한국인 : 1명 내국인 : 20명 그 외 : 명"
[2026-05-30T01:34:41.717Z] [84/5381] SKIP 42 인터내셔널 — no source_url
[2026-05-30T01:34:43.156Z] [85/5381] OK   4M PARTNERS VIETNAM CO.,LTD ( 포엠 파트너스 베트남 유한회사 ) → 제품 58자, 직원 "한국인 : 1명 내국인 : 5명 그 외 : 명"
[2026-05-30T01:34:45.700Z] [86/5381] OK   5T LTD VIETNAM → (기본 정보만)
[2026-05-30T01:34:48.111Z] [87/5381] OK   86DH VINA CO.,LTD ( 86 디에이치 비나 ) → 제품 130자, 직원 "한국인 : 5명 내국인 : 70명 그 외 : 명"
[2026-05-30T01:34:49.118Z] [88/5381] SKIP 88무역 — no source_url
[2026-05-30T01:34:49.120Z] [89/5381] SKIP A ONE CONSTRUCTION Co.,Ltd — no source_url
[2026-05-30T01:34:50.551Z] [90/5381] OK   A ONE TECH VINA ( 에이원 테크 비나 ) → 제품 36자, 직원 "한국인 : 1명 내국인 : 10명 그 외 : 명"
[2026-05-30T01:34:53.081Z] [91/5381] OK   A PLUS VINA CO.,LTD ( 에이플러스 비나 ) → 제품 18자, 직원 "한국인 : 2명 내국인 : 200명 그 외 : 명"
[2026-05-30T01:34:55.765Z] [92/5381] OK   A SUNG VIETNAM CO.,LTD ( 아성 ) → 제품 108자, 직원 "한국인 : 3명 내국인 : 20명 그 외 : 명"
[2026-05-30T01:34:56.776Z] [93/5381] SKIP A&G CERAMICS COMPANY LIMITED (A&G CO., LTD) — no source_url
[2026-05-30T01:34:58.334Z] [94/5381] OK   A&L (Vietnam) Corporation → (기본 정보만)
[2026-05-30T01:35:00.891Z] [95/5381] OK   A&TOP ( 에이앤탑 ) → 제품 120자, 직원 "한국인 : 1명 내국인 : 60명 그 외 : 명"
[2026-05-30T01:35:01.893Z] [96/5381] SKIP AAA 베트남 투자 컨설팅 — no source_url
[2026-05-30T01:35:01.894Z] [97/5381] SKIP AASC AUDITING FIRM — no source_url
[2026-05-30T01:35:01.894Z] [98/5381] SKIP ABC INTERNATIONAL JOINT VENTURE CO., — no source_url
[2026-05-30T01:35:03.324Z] [99/5381] OK   ABC TECH VINA CO.,LTD → 제품 53자, 직원 "한국인 : 2명 내국인 : 100명 그 외 : 명"
[2026-05-30T01:35:04.337Z] [100/5381] SKIP ABC 자문서비스 및 교육 — no source_url
[2026-05-30T01:35:04.338Z] [101/5381] SKIP ABE 투자 컨설팅 주식 회사 — no source_url
[2026-05-30T01:35:05.768Z] [102/5381] OK   ABLE CO.,LTD ( 에이블 ) → 제품 60자, 직원 "한국인 : 3명 내국인 : 6명 그 외 : 명"
[2026-05-30T01:35:08.186Z] [103/5381] OK   ABLE VINA TRADING CO.,LTD ( 에이블비나 ) → 제품 73자, 직원 "한국인 : 1명 내국인 : 명 그 외 : 명"
[2026-05-30T01:35:10.582Z] [104/5381] OK   ABOVE & BEYOND LAB CO.,LTD ( 어보브앤비욘드랩 ) → 제품 191자, 직원 "한국인 : 3명 내국인 : 30명 그 외 : 명"
[2026-05-30T01:35:13.023Z] [105/5381] OK   ABS VINA CO.,LTD ( 에이비에스 비나 ) → 제품 44자, 직원 "한국인 : 3명 내국인 : 20명 그 외 : 명"
[2026-05-30T01:35:14.030Z] [106/5381] SKIP ACAVA VINA CO.,LTD — no source_url
[2026-05-30T01:35:15.472Z] [107/5381] OK   ACCENDUS CO.,LTD ( 액센더스 (유) ) → 제품 83자, 직원 "한국인 : 2명 내국인 : 11명 그 외 : 명"
[2026-05-30T01:35:18.171Z] [108/5381] OK   ACE C&T COMPANY LIMITED → (기본 정보만)
[2026-05-30T01:35:20.600Z] [109/5381] OK   ACE ENG CO.,LTD ( 에이스 이엔지 ) → 제품 52자, 직원 "한국인 : 2명 내국인 : 20명 그 외 : 명"
[2026-05-30T01:35:21.606Z] [110/5381] SKIP ACE ENGINEERING VINA CO.,LTD — no source_url
[2026-05-30T01:35:23.031Z] [111/5381] OK   ACE FOOD COMPANY ( 에이스 푸드 컴퍼니 ) → 제품 27자, 직원 "한국인 : 1명 내국인 : 20명 그 외 : 명"
[2026-05-30T01:35:24.037Z] [112/5381] SKIP ACE GARMENT VINA — no source_url
[2026-05-30T01:35:25.454Z] [113/5381] OK   ACE MACHINERY VINA CO.,LTD ( 에이스기계 비나 ) → 제품 84자, 직원 "한국인 : 4명 내국인 : 72명 그 외 : 명"
[2026-05-30T01:35:27.854Z] [114/5381] OK   ACE TOTAL SERVICE CO.,LTD ( 에이스 토탈 서비스 ) → 제품 32자, 직원 "한국인 : 4명 내국인 : 6명 그 외 : 명"
[2026-05-30T01:35:30.330Z] [115/5381] OK   ACE WORLD VINA ( 에이스 월드 베트남 ) → 제품 59자, 직원 "한국인 : 1명 내국인 : 8명 그 외 : 명"
[2026-05-30T01:35:33.041Z] [116/5381] OK   ACI PLASTIC CO.,LTD ( 에이씨아이 플라스틱 ) → 제품 33자, 직원 "한국인 : 2명 내국인 : 4명 그 외 : 명"
[2026-05-30T01:35:34.044Z] [117/5381] SKIP ACRO VINA Co.,Ltd — no source_url
[2026-05-30T01:35:34.045Z] [118/5381] SKIP ACS로지스틱 — no source_url
[2026-05-30T01:35:35.470Z] [119/5381] OK   ActsOne Vietnam Co.,Ltd ( (주)액츠원 베트남 ) → 제품 163자, 직원 "한국인 : 3명 내국인 : 50명 그 외 : 명"
[2026-05-30T01:35:37.916Z] [120/5381] OK   AD AUDIT COMPANY ( 회계법인 AD ) → 제품 56자, 직원 "한국인 : 1명 내국인 : 5명 그 외 : 명"
[2026-05-30T01:35:38.924Z] [121/5381] SKIP AD 건축사사무소 — no source_url
[2026-05-30T01:35:40.344Z] [122/5381] OK   ADAM ASSOCIATION ( 아담 어쏘씨에이션 ) → 제품 100자, 직원 "한국인 : 2명 내국인 : 8명 그 외 : 1명"
[2026-05-30T01:35:41.355Z] [123/5381] SKIP ADD건축 그룹 — no source_url
[2026-05-30T01:35:42.913Z] [124/5381] OK   Aden Services → (기본 정보만)
[2026-05-30T01:35:43.917Z] [125/5381] SKIP ADP 하노이 — no source_url
[2026-05-30T01:35:43.918Z] [126/5381] SKIP ADPIA. JSC — no source_url
[2026-05-30T01:35:45.326Z] [127/5381] OK   ADTECHNOLOGY & SNST VIETNAM COMPANY LIMITED ( 에이디테크날러지 앤 에스엔에스티 비엣남 ) → 제품 30자, 직원 "한국인 : 3명 내국인 : 200명 그 외 : 명"
[2026-05-30T01:35:46.333Z] [128/5381] SKIP ADVANCED VISION AUTOMATIC — no source_url
[2026-05-30T01:35:46.335Z] [129/5381] SKIP AEGIS SYSTEM VIET NAM COMPANY LIMITED — no source_url
[2026-05-30T01:35:47.732Z] [130/5381] OK   AEP GUMI VINA COMPANY LIMITED → 제품 180자, 직원 "한국인 : 2명 내국인 : 100명 그 외 : 명"
[2026-05-30T01:35:50.134Z] [131/5381] OK   AGAPECO TRADING JSC ( 아가페코 ) → 제품 59자, 직원 "한국인 : 1명 내국인 : 50명 그 외 : 명"
[2026-05-30T01:35:52.590Z] [132/5381] OK   AIR GASES VINA ( 에어 가스 비나 ) → 제품 58자, 직원 "한국인 : 7명 내국인 : 423명 그 외 : 명"
[2026-05-30T01:35:55.001Z] [133/5381] OK   AIR TECH VIETNAM CO.,LTD ( 에어테크 베트남 ) → 제품 43자, 직원 "한국인 : 1명 내국인 : 6명 그 외 : 명"
[2026-05-30T01:35:57.430Z] [134/5381] OK   AISL VINA COMPANY LIMITED → 제품 75자, 직원 "한국인 : 2명 내국인 : 150명 그 외 : 명"
[2026-05-30T01:36:00.052Z] [135/5381] OK   AIZEN VIETNAM CO.,LTD → 제품 94자, 직원 "한국인 : 명 내국인 : 180명 그 외 : 명"
[2026-05-30T01:36:02.788Z] [136/5381] OK   AJ DONG NAI COLD STORAGE CO.,LTD ( 에이제이 동나이콜드 ) → 제품 47자, 직원 "한국인 : 명 내국인 : 30명 그 외 : 명"
[2026-05-30T01:36:07.311Z] [137/5381] OK   AJ SOLUTIONS MANUFACTURING CO.,LTD → 제품 44자, 직원 "한국인 : 3명 내국인 : 40명 그 외 : 명"
[2026-05-30T01:36:09.764Z] [138/5381] OK   AJ TOTAL VN → 제품 30자, 직원 "한국인 : 3명 내국인 : 90명 그 외 : 명"
[2026-05-30T01:36:12.383Z] [139/5381] OK   AJ Total VN Phonoi Branch → (기본 정보만)
[2026-05-30T01:36:13.393Z] [140/5381] SKIP AJ 네트웍스 베트남 — no source_url
[2026-05-30T01:36:14.829Z] [141/5381] OK   AJIN ELECTRONIC COMPONENTS VIET NAM CO., LTD ( 대우전자부품㈜ ) → 제품 29자, 직원 "한국인 : 3명 내국인 : 300명 그 외 : 명"
[2026-05-30T01:36:17.290Z] [142/5381] OK   AJIN VINA CO.,LTD ( 아진비나(주) ) → 제품 31자, 직원 "한국인 : 5명 내국인 : 14명 그 외 : 명"
[2026-05-30T01:36:19.710Z] [143/5381] OK   AJU VIETNAM CO.,LTD ( 아주베트남 ) → 제품 78자, 직원 "한국인 : 2명 내국인 : 135명 그 외 : 명"
[2026-05-30T01:36:20.722Z] [144/5381] SKIP AJ토탈 베트남 포노이지사 — no source_url
[2026-05-30T01:36:22.288Z] [145/5381] OK   AK Interiors → (기본 정보만)
[2026-05-30T01:36:24.704Z] [146/5381] OK   AK VINA CO.,LTD ( 에이케이 비나 (애경케미칼 베트남 법인 - 동나이성) ) → 제품 79자, 직원 "한국인 : 9명 내국인 : 97명 그 외 : 명"
[2026-05-30T01:36:25.714Z] [147/5381] SKIP AKC VINA Co.,Ltd — no source_url
[2026-05-30T01:36:25.715Z] [148/5381] SKIP AKTS TECH COMPANY LIMITED — no source_url
[2026-05-30T01:36:27.128Z] [149/5381] OK   ALCHERA VN CO.,LTD ( 알체라 베트남 ) → 제품 60자, 직원 "한국인 : 1명 내국인 : 12명 그 외 : 명"
[2026-05-30T01:36:29.847Z] [150/5381] OK   ALIM GLOBAL → (기본 정보만)
[2026-05-30T01:36:32.286Z] [151/5381] OK   ALL GREEN VINA CO.,LTD → 제품 39자, 직원 "한국인 : 4명 내국인 : 55명 그 외 : 명"
[2026-05-30T01:36:34.871Z] [152/5381] OK   ALL THAT SPORTS → 제품 53자, 직원 "한국인 : 6명 내국인 : 80명 그 외 : 명"
[2026-05-30T01:36:35.879Z] [153/5381] SKIP ALMUS TECH — no source_url
[2026-05-30T01:36:37.434Z] [154/5381] OK   ALPHA GREEN TECH VINA → (기본 정보만)
[2026-05-30T01:36:39.443Z] [155/5381] OK   ALPS ALPINE Vietnam → 소개 154자
[2026-05-30T01:36:41.889Z] [156/5381] OK   AM ACCOUNTING ( AM 회계법인 ) → 제품 74자, 직원 "한국인 : 3명 내국인 : 86명 그 외 : 명"
[2026-05-30T01:36:44.304Z] [157/5381] OK   AM Rentcar ( AM렌트카 ) → 제품 48자, 직원 "한국인 : 2명 내국인 : 15명 그 외 : 명"
[2026-05-30T01:36:46.877Z] [158/5381] OK   AM Telecom Co .,Ltd. → (기본 정보만)
[2026-05-30T01:36:49.306Z] [159/5381] OK   AMARINE SHIPPING VIETNAM CO.,LTD ( 에머린 베트남 ) → 제품 124자, 직원 "한국인 : 1명 내국인 : 8명 그 외 : 명"
[2026-05-30T01:36:51.864Z] [160/5381] OK   Amazon Corporate Services Vietnam Company Limited → (기본 정보만)
[2026-05-30T01:36:53.843Z] [161/5381] OK   AMBER ACADEMY → 제품 68자, 직원 "13명 ( 한국직원: 04 명 / 베트남직원: 09 명)", 창립 2018
[2026-05-30T01:36:56.319Z] [162/5381] OK   AME COPAIN COMPANY LIMITED → 제품 242자, 직원 "한국인 : 2명 내국인 : 24명 그 외 : 명"
[2026-05-30T01:36:58.833Z] [163/5381] OK   AMERICAN & EFIRD VIETNAM THREAD LLC ( A&E 베트남 재봉사 ) → 제품 82자, 직원 "한국인 : 명 내국인 : 400명 그 외 : 3명"
[2026-05-30T01:37:01.457Z] [164/5381] OK   AMNOTE ( AM 회계프로그램 ) → 제품 96자, 직원 "한국인 : 2명 내국인 : 30명 그 외 : 명"
[2026-05-30T01:37:04.029Z] [165/5381] OK   AMOREPACIFIC VIETNAM CO.,LTD ( 아모레퍼시픽 베트남 ) → 제품 101자, 직원 "한국인 : 7명 내국인 : 400명 그 외 : 명"
[2026-05-30T01:37:06.651Z] [166/5381] OK   AN CAT CO.,LTD ( 케이마켓 안깟(K MARKET) ) → 제품 84자, 직원 "한국인 : 명 내국인 : 30명 그 외 : 명"
[2026-05-30T01:37:09.061Z] [167/5381] OK   AN GIANG SAMHO CO.,LTD ( 안장 삼호 ) → 제품 32자, 직원 "한국인 : 11명 내국인 : 8900명 그 외 : 2명"
[2026-05-30T01:37:11.755Z] [168/5381] OK   AN HUNG ENGINEERING CO.,LTD → 소개 207자, 직원 "6명"
[2026-05-30T01:37:12.767Z] [169/5381] SKIP AN PHAT HOLDINGS JSC — no source_url
[2026-05-30T01:37:14.229Z] [170/5381] OK   AN PHUOC GARMENT EMBROIDERY SHOES CO.,LTD → 제품 43자, 직원 "한국인 : 명 내국인 : 5000명 그 외 : 명"
[2026-05-30T01:37:15.232Z] [171/5381] SKIP ANC INTERNATIONAL — no source_url
[2026-05-30T01:37:16.636Z] [172/5381] OK   AND TRADE CO.,LTD ( AND무역 ) → 제품 14자, 직원 "한국인 : 1명 내국인 : 31명 그 외 : 명"
[2026-05-30T01:37:19.113Z] [173/5381] OK   ANDO INTERNATIONAL JSC ( 안도 인터네셔널 ) → 제품 81자, 직원 "한국인 : 1명 내국인 : 23명 그 외 : 명"
[2026-05-30T01:37:21.563Z] [174/5381] OK   ANDVINA CO.,LTD ( 앤드비나 ) → 제품 107자, 직원 "한국인 : 3명 내국인 : 12명 그 외 : 명"
[2026-05-30T01:37:23.997Z] [175/5381] OK   ANGEL VIETNAM JSC ( 엔젤 베트남 주식회사 ) → 제품 56자, 직원 "한국인 : 5명 내국인 : 650명 그 외 : 명"
[2026-05-30T01:37:26.542Z] [176/5381] OK   ANH SAO KIM CO.,LTD → 제품 26자, 직원 "한국인 : 3명 내국인 : 13명 그 외 : 명"
[2026-05-30T01:37:29.099Z] [177/5381] OK   Anh Vu Garment Im-Export Co., Ltd → (기본 정보만)
[2026-05-30T01:37:31.149Z] [178/5381] OK   ANI VINA → (기본 정보만)
[2026-05-30T01:37:33.605Z] [179/5381] OK   ANPHU HOUSE LLC ( 안푸하우스 부동산 ) → 제품 71자, 직원 "한국인 : 6명 내국인 : 414명 그 외 : 명"
[2026-05-30T01:37:36.038Z] [180/5381] OK   ANU DESIGN GROUP VINA ( 에이앤유디자인그룹 비나 ) → 제품 27자, 직원 "한국인 : 2명 내국인 : 8명 그 외 : 명"
[2026-05-30T01:37:37.040Z] [181/5381] SKIP ANYONE VINA — no source_url
[2026-05-30T01:37:38.461Z] [182/5381] OK   ANYTAPE VINA → 제품 40자, 직원 "한국인 : 1명 내국인 : 26명 그 외 : 명"
[2026-05-30T01:37:40.862Z] [183/5381] OK   ANYWEAR CO.,LTD ( 애니웨어 ) → 제품 30자, 직원 "한국인 : 3명 내국인 : 50명 그 외 : 명"
[2026-05-30T01:37:43.320Z] [184/5381] OK   AONE VINA CO.,LTD ( (주)에이원비나 ) → 제품 119자, 직원 "한국인 : 2명 내국인 : 20명 그 외 : 명"
[2026-05-30T01:37:45.708Z] [185/5381] OK   AP MANUFACTURE & CONSTRUCTION CO.,LTD ( 에이피 엠엔씨 (AP M&C) ) → 제품 87자, 직원 "한국인 : 1명 내국인 : 100명 그 외 : 명"
[2026-05-30T01:37:46.712Z] [186/5381] SKIP AP 시스템 베트남 — no source_url
[2026-05-30T01:37:48.288Z] [187/5381] OK   APEC CONSTRUCTION AND MECHANICAL JOINT STOCK COMPANY → 소개 203자, 직원 "한국인 1명, 베트남인 150명", 창립 2014
[2026-05-30T01:37:49.295Z] [188/5381] SKIP APOLLO TECH VINA CO.,LTD — no source_url
[2026-05-30T01:37:49.296Z] [189/5381] SKIP APP — no source_url
[2026-05-30T01:37:50.227Z] [190/5381] OK   Appareltech Vinh Loc Co.,Ltd → 소개 132자
[2026-05-30T01:37:52.646Z] [191/5381] OK   APPLANCER JSC ( 앱랜서 ) → 제품 49자, 직원 "한국인 : 1명 내국인 : 40명 그 외 : 명"
[2026-05-30T01:37:55.131Z] [192/5381] OK   APPOLO VIETNAM CO.,LTD ( 아폴로 베트남 ) → 제품 112자, 직원 "한국인 : 2명 내국인 : 10명 그 외 : 명"
[2026-05-30T01:37:56.146Z] [193/5381] SKIP AQ PACIFIC CO.,LTD — no source_url
[2026-05-30T01:37:57.596Z] [194/5381] OK   AQUAWORKS VINA COMPANY LIMITED → 제품 22자, 직원 "한국인 : 2명 내국인 : 10명 그 외 : 명"
[2026-05-30T01:37:58.600Z] [195/5381] SKIP ARAVIET CO.,LTD — no source_url
[2026-05-30T01:38:00.135Z] [196/5381] OK   ARCLAB CONSTRUCTION CO.,LTD ( 아크랩 건설 ) → 제품 73자, 직원 "한국인 : 2명 내국인 : 5명 그 외 : 명"
[2026-05-30T01:38:02.533Z] [197/5381] OK   ARIKEL KOREA CO.,LTD ( 아리켈 코리아 ) → 제품 86자, 직원 "한국인 : 4명 내국인 : 115명 그 외 : 명"
[2026-05-30T01:38:03.547Z] [198/5381] SKIP ARIRANG — no source_url
[2026-05-30T01:38:05.037Z] [199/5381] OK   ARIRANG CHEMICAL CO.,LTD ( 아리랑 화학(주) ) → 제품 70자, 직원 "한국인 : 2명 내국인 : 80명 그 외 : 명"
[2026-05-30T01:38:06.045Z] [200/5381] SKIP ARIRANG VINA COMPANY LIMITED — no source_url
[2026-05-30T01:38:07.492Z] [201/5381] OK   ARIZE CO.,LTD ( 아리제 ) → 제품 100자, 직원 "한국인 : 3명 내국인 : 40명 그 외 : 명"
[2026-05-30T01:38:09.905Z] [202/5381] OK   AROMA 1879 VINA CO.,LTD ( (주) 아로마1879비나 ) → 제품 152자, 직원 "한국인 : 1명 내국인 : 2명 그 외 : 명"
[2026-05-30T01:38:10.913Z] [203/5381] SKIP ARP VINA COMPANY LIMITED — no source_url
[2026-05-30T01:38:10.913Z] [204/5381] SKIP AS C&T Co.,Ltd — no source_url
[2026-05-30T01:38:10.914Z] [205/5381] SKIP AsahiKasei Advance Vietnam Co., ltd — no source_url
[2026-05-30T01:38:12.364Z] [206/5381] OK   ASAM SECURITIES CORPORATION ( 아샘증권 ) → 제품 24자, 직원 "한국인 : 3명 내국인 : 18명 그 외 : 1명"
[2026-05-30T01:38:15.073Z] [207/5381] OK   ASCOTT TAY HO HANOI → (기본 정보만)
[2026-05-30T01:38:17.006Z] [208/5381] OK   ASENTEC VIETNAM CO., LTD → (기본 정보만)
[2026-05-30T01:38:19.544Z] [209/5381] OK   Aseung Global Construction Co.,Ltd ( 아승글로벌 건설(주) ) → 제품 129자, 직원 "한국인 : 5명 내국인 : 35명 그 외 : 명"
[2026-05-30T01:38:21.968Z] [210/5381] OK   ASG GLOBAL CO.,LTD ( 에이에스지 글로벌 ) → 제품 153자, 직원 "한국인 : 15명 내국인 : 2000명 그 외 : 명", 창립 2000
[2026-05-30T01:38:24.413Z] [211/5381] OK   ASG VINA ( A.S.G 비나 ) → 제품 26자, 직원 "한국인 : 10명 내국인 : 1000명 그 외 : 명"
[2026-05-30T01:38:25.418Z] [212/5381] SKIP ASGU — no source_url
[2026-05-30T01:38:27.002Z] [213/5381] OK   Asia Adventure → (기본 정보만)
[2026-05-30T01:38:28.017Z] [214/5381] SKIP ASIA BOLT VINA Co.,Ltd — no source_url
[2026-05-30T01:38:28.018Z] [215/5381] SKIP Asia Commercial Bank — no source_url
[2026-05-30T01:38:29.449Z] [216/5381] OK   ASIA COMMERCIAL JOINT STOCK BANK → 제품 13자, 직원 "한국인 : 명 내국인 : 13000명 그 외 : 명"
[2026-05-30T01:38:32.014Z] [217/5381] OK   ASIA LCD SERVICE CO.,LTD ( 아시아 엘시디 서비스 ) → 제품 122자, 직원 "한국인 : 3명 내국인 : 25명 그 외 : 명"
[2026-05-30T01:38:34.619Z] [218/5381] OK   Asia Networks Energy Co.,Ltd ( 아시아 네트웤스 에너지 주식회사 ) → 제품 61자, 직원 "한국인 : 1명 내국인 : 11명 그 외 : 명"
[2026-05-30T01:38:37.035Z] [219/5381] OK   ASIA NETWORKS HOLDINGS → 제품 52자, 직원 "한국인 : 8명 내국인 : 220명 그 외 : 명"
[2026-05-30T01:38:39.494Z] [220/5381] OK   ASIA POLYTEC CO.,LTD ( 아시아 폴리텍 ) → 제품 14자, 직원 "한국인 : 4명 내국인 : 9명 그 외 : 명"
[2026-05-30T01:38:41.907Z] [221/5381] OK   ASIA SEED VIET NAM CO.,LTD → 제품 41자, 직원 "한국인 : 1명 내국인 : 6명 그 외 : 명"
[2026-05-30T01:38:44.352Z] [222/5381] OK   ASIANA AIRLINES ( 아시아나 항공(주) ) → 제품 29자, 직원 "한국인 : 1명 내국인 : 19명 그 외 : 명"
[2026-05-30T01:38:46.879Z] [223/5381] OK   ASM INTERNATIONAL → (기본 정보만)
[2026-05-30T01:38:49.282Z] [224/5381] OK   ASSEMS VN ( 아셈스 베트남 ) → 제품 103자, 직원 "한국인 : 3명 내국인 : 65명 그 외 : 명"
[2026-05-30T01:38:51.729Z] [225/5381] OK   ASSURETEE VIETNAM JSC → 제품 95자, 직원 "한국인 : 1명 내국인 : 1명 그 외 : 명"
[2026-05-30T01:38:54.208Z] [226/5381] OK   ASTRO FARMER CO.,LTD ( 아스트로파머 회사 ) → 제품 97자, 직원 "한국인 : 3명 내국인 : 15명 그 외 : 명"
[2026-05-30T01:38:56.610Z] [227/5381] OK   ASUNG E&C CO.,LTD ( 아성 ) → 제품 27자, 직원 "한국인 : 2명 내국인 : 1명 그 외 : 명"
[2026-05-30T01:38:59.176Z] [228/5381] OK   AT CENTER HCMC ( 한국농수산식품유통공사 호치민지사 ) → 제품 39자, 직원 "한국인 : 1명 내국인 : 1명 그 외 : 명"
[2026-05-30T01:39:00.183Z] [229/5381] SKIP aT 아세안지역본부 — no source_url
[2026-05-30T01:39:00.184Z] [230/5381] SKIP ATARIH PRECISION Co.,Ltd — no source_url
[2026-05-30T01:39:01.748Z] [231/5381] OK   ATC VINA TRADING & SERVICE CO.,LTD → 제품 72자, 직원 "한국인 : 4명 내국인 : 3명 그 외 : 명"
[2026-05-30T01:39:02.755Z] [232/5381] SKIP ATEC SYSTEM VIET NAM COMPANY LIMITED — no source_url
[2026-05-30T01:39:04.375Z] [233/5381] OK   ATIM LAW FIRM → 제품 83자, 직원 "한국인 : 1명 내국인 : 20명 그 외 : 명"
[2026-05-30T01:39:06.962Z] [234/5381] OK   ATMAN VINA CO.,LTD ( (주) 아트만앤컴퍼니 ) → 제품 126자, 직원 "한국인 : 3명 내국인 : 55명 그 외 : 명"
[2026-05-30T01:39:09.389Z] [235/5381] OK   ATOMY CO.,LTD ( 애터미 유한책임 회사 ) → 제품 69자, 직원 "한국인 : 2명 내국인 : 28명 그 외 : 명"
[2026-05-30T01:39:12.107Z] [236/5381] OK   ATT VIETNAM LOGISTICS., JSC → 소개 11자
[2026-05-30T01:39:13.123Z] [237/5381] SKIP ATT로지스틱스 — no source_url
[2026-05-30T01:39:13.124Z] [238/5381] SKIP ATUM VINA — no source_url
[2026-05-30T01:39:14.675Z] [239/5381] OK   AUNTEX CO.,LTD ( 아운텍스 ) → 제품 104자, 직원 "한국인 : 2명 내국인 : 11명 그 외 : 명"
[2026-05-30T01:39:17.266Z] [240/5381] OK   AUSOLUTION → 소개 43자, 직원 "2명"
[2026-05-30T01:39:19.681Z] [241/5381] OK   AUSTRALIAN INTERNATIONAL EDUATION SERVICES CO.,LTD (AIS) ( AIS 호주국제학교 ) → 제품 103자, 직원 "한국인 : 명 내국인 : 40명 그 외 : 명"
[2026-05-30T01:39:22.191Z] [242/5381] OK   AUTOBASE CO.,LTD ( 오토베이스 베트남 ) → 제품 75자, 직원 "한국인 : 6명 내국인 : 11명 그 외 : 명"
[2026-05-30T01:39:24.620Z] [243/5381] OK   AUTOCON ( 오토콘 ) → 제품 132자, 직원 "한국인 : 1명 내국인 : 120명 그 외 : 명"
[2026-05-30T01:39:25.622Z] [244/5381] SKIP AUTODI VINA COMPANY LIMITED — no source_url
[2026-05-30T01:39:27.045Z] [245/5381] OK   AUTONICS VINA ( 오토닉스비나 ) → 제품 22자, 직원 "한국인 : 1명 내국인 : 26명 그 외 : 명"
[2026-05-30T01:39:28.050Z] [246/5381] SKIP Autonics VNM — no source_url
[2026-05-30T01:39:29.533Z] [247/5381] OK   AUTONSI ( 오토 앤 에스아이 ) → 제품 195자, 직원 "한국인 : 2명 내국인 : 3명 그 외 : 1명"
[2026-05-30T01:39:31.934Z] [248/5381] OK   AUTOWEL VINA CO.,LTD ( (주)오토웰 비나 ) → 제품 129자, 직원 "한국인 : 3명 내국인 : 100명 그 외 : 명"
[2026-05-30T01:39:32.937Z] [249/5381] SKIP AZLAW 컨설팅 유한책임회사 — no source_url
[2026-05-30T01:39:34.373Z] [250/5381] OK   AZTECH VINA CO.,LTD ( 아즈텍 비나 ) → 제품 97자, 직원 "한국인 : 5명 내국인 : 40명 그 외 : 명"
[2026-05-30T01:39:37.013Z] [251/5381] OK   B.H.N CO.,LTD → 제품 185자, 직원 "한국인 : 1명 내국인 : 12명 그 외 : 명"
[2026-05-30T01:39:38.025Z] [252/5381] SKIP B.S.C VINA COMPANY LIMITED. — no source_url
[2026-05-30T01:39:38.027Z] [253/5381] SKIP B&H VINA — no source_url
[2026-05-30T01:39:39.755Z] [254/5381] OK   B&M INDUSTRY LIMITED → (기본 정보만)
[2026-05-30T01:39:40.767Z] [255/5381] SKIP B&M 인더스트리 — no source_url
[2026-05-30T01:39:42.188Z] [256/5381] OK   BA DUONG TECHNOLOGY COMPANY LTD → 제품 114자, 직원 "한국인 : 명 내국인 : 100명 그 외 : 명"
[2026-05-30T01:39:44.636Z] [257/5381] OK   BA ROM CO.,LTD ( 바롬항공㈜ ) → 제품 43자, 직원 "한국인 : 2명 내국인 : 20명 그 외 : 명"
[2026-05-30T01:39:47.364Z] [258/5381] OK   BA SoftTech → (기본 정보만)
[2026-05-30T01:39:49.370Z] [259/5381] OK   Bac Au Hanoi Automobile Co., Ltd → 직원 "베트남인 70명"
[2026-05-30T01:39:51.804Z] [260/5381] OK   BAC AU SAI GON AUTOMOBILE CO.,LTD → 제품 69자, 직원 "한국인 : 명 내국인 : 65명 그 외 : 명"
[2026-05-30T01:39:54.382Z] [261/5381] OK   BACH KHOA FACTORY AUTOMATION SYSTEM INTEGRATOR JOINT STOCK COMPANY → 소개 467자, 직원 "한국인 1명, 베트남인 36명, 기타 2명"
[2026-05-30T01:39:56.819Z] [262/5381] OK   BADA VINA CO.,LTD ( 바다 비나 ) → 제품 47자, 직원 "한국인 : 1명 내국인 : 32명 그 외 : 명"
[2026-05-30T01:39:59.402Z] [263/5381] OK   BADP VIETNAM ( 비에이디피 베트남 ) → 제품 178자, 직원 "한국인 : 명 내국인 : 명 그 외 : 명"
[2026-05-30T01:40:01.852Z] [264/5381] OK   BAE, KIM & LEE VIETNAM LIMITED LIABILITY LAW COMPANY (HCMC OFFICE) ( 법무법인 태평양 베트남 (호치민 지사) ) → 제품 16자, 직원 "한국인 : 4명 내국인 : 12명 그 외 : 명"
[2026-05-30T01:40:02.862Z] [265/5381] SKIP BAEK IL VINA COMPANY LIMITED — no source_url
[2026-05-30T01:40:04.324Z] [266/5381] OK   BAIHE HOLDING VIET NAM → 제품 125자, 직원 "한국인 : 명 내국인 : 100명 그 외 : 15명"
[2026-05-30T01:40:06.752Z] [267/5381] OK   BAIKSAN TEXTILE CO.,LTD ( 백산 텍스타일 ) → 제품 69자, 직원 "한국인 : 4명 내국인 : 100명 그 외 : 명"
[2026-05-30T01:40:09.414Z] [268/5381] OK   BALEM VINA CO.,LTD ( 바램비나 → 제품 112자, 직원 "한국인 : 2명 내국인 : 20명 그 외 : 명"
[2026-05-30T01:40:11.821Z] [269/5381] OK   BAMBU MRO ( 밤부 엠알오 ) → 제품 175자, 직원 "한국인 : 2명 내국인 : 29명 그 외 : 명"
[2026-05-30T01:40:14.286Z] [270/5381] OK   BAN SUK VIETNAM CO.,LTD ( 반석 베트남 ) → 제품 48자, 직원 "한국인 : 16명 내국인 : 1200명 그 외 : 명"
[2026-05-30T01:40:16.697Z] [271/5381] OK   BANDO VINA CO.,LTD ( 반도 비나 ) → 제품 115자, 직원 "한국인 : 8명 내국인 : 2000명 그 외 : 4명", 창립 2000
[2026-05-30T01:40:17.701Z] [272/5381] SKIP BANG JOO ELECTRONICS VIET NAM JSC — no source_url
[2026-05-30T01:40:17.701Z] [273/5381] SKIP BAO NGOC AKITO INVESTMENT PRODUCTION Corp — no source_url
[2026-05-30T01:40:19.416Z] [274/5381] OK   BAO SOLUTION CO., LTD → (기본 정보만)
[2026-05-30T01:40:21.870Z] [275/5381] OK   BAOS VINA CO.,LTD ( 바오스 비나 ) → 제품 30자, 직원 "한국인 : 4명 내국인 : 110명 그 외 : 명"
[2026-05-30T01:40:22.884Z] [276/5381] SKIP BAROQUE VINA — no source_url
[2026-05-30T01:40:24.331Z] [277/5381] OK   BASE VINA APPLIED CHEMISTRY CO.,LTD ( 베이스비나 ) → 제품 23자, 직원 "한국인 : 4명 내국인 : 120명 그 외 : 명"
[2026-05-30T01:40:26.711Z] [278/5381] OK   BASECON CO.,LTD ( 베이스콘 ) → 제품 92자, 직원 "한국인 : 3명 내국인 : 27명 그 외 : 명"
[2026-05-30T01:40:29.367Z] [279/5381] OK   BASF VIETNAM CO.,LTD ( 바스프 베트남 ) → 제품 135자, 직원 "한국인 : 1명 내국인 : 39명 그 외 : 명"
[2026-05-30T01:40:31.937Z] [280/5381] OK   BAUTEX VINA CO.,LTD ( (주)바우텍스비나 ) → 제품 36자, 직원 "한국인 : 5명 내국인 : 48명 그 외 : 명"
[2026-05-30T01:40:34.718Z] [281/5381] OK   Bay Sac Cau Vong (Print Logic) ( 프린트 로직 ) → 제품 75자, 직원 "한국인 : 1명 내국인 : 9명 그 외 : 명"
[2026-05-30T01:40:37.149Z] [282/5381] OK   BBC GLOBAL VINA ( 비비씨 글로벌 비나 ) → 제품 56자, 직원 "한국인 : 1명 내국인 : 13명 그 외 : 명"
[2026-05-30T01:40:38.161Z] [283/5381] SKIP BBK — no source_url
[2026-05-30T01:40:38.161Z] [284/5381] SKIP BBQ 한국 식당 — no source_url
[2026-05-30T01:40:39.582Z] [285/5381] OK   BC CARD VIET NAM LTD. → 제품 151자, 직원 "한국인 : 2명 내국인 : 60명 그 외 : 명"
[2026-05-30T01:40:42.077Z] [286/5381] OK   BC TRADING CO.,LTD → 제품 12자, 직원 "한국인 : 1명 내국인 : 2명 그 외 : 명"
[2026-05-30T01:40:43.078Z] [287/5381] SKIP BCM 회계법인 — no source_url
[2026-05-30T01:40:44.511Z] [288/5381] OK   BEAUTIFUL SAIGON ( 뷰티풀사이공 ) → 제품 21자, 직원 "한국인 : 1명 내국인 : 1명 그 외 : 명"
[2026-05-30T01:40:46.927Z] [289/5381] OK   BEAUTY LIVE SERVICES TRADING COMPANY LIMITED → 제품 62자, 직원 "한국인 : 3명 내국인 : 8명 그 외 : 명"
[2026-05-30T01:40:49.336Z] [290/5381] OK   BECAMEX IDC ( 베카멕스투자개발공사 ) → 제품 70자, 직원 "한국인 : 3명 내국인 : 4000명 그 외 : 18명"
[2026-05-30T01:40:51.787Z] [291/5381] OK   BECAMEX TOKYU CO.,LTD ( 베카맥스 도큐 ) → 제품 47자, 직원 "한국인 : 2명 내국인 : 380명 그 외 : 20명"
[2026-05-30T01:40:54.260Z] [292/5381] OK   BECIS VIETNAM JOINT STOCK COMPANY → 제품 20자, 직원 "한국인 : 명 내국인 : 20명 그 외 : 명"
[2026-05-30T01:40:56.654Z] [293/5381] OK   BEE LOGISTICS CORP (CORPORATE OFFICE) ( 비 로지스틱스 코퍼레이션 ) → 제품 158자, 직원 "한국인 : 1명 내국인 : 1000명 그 외 : 2명"
[2026-05-30T01:40:59.081Z] [294/5381] OK   BEEKEI CORPORATION ( (주)비이케이물산 ) → 제품 36자, 직원 "한국인 : 2명 내국인 : 2명 그 외 : 명"
[2026-05-30T01:41:01.588Z] [295/5381] OK   BEESCO VINA CO.,LTD ( 비스코 ) → 제품 37자, 직원 "한국인 : 42명 내국인 : 7158명 그 외 : 명"
[2026-05-30T01:41:04.255Z] [296/5381] OK   Bel Group Investment Joint Stock Company → 소개 266자, 직원 "한국인 1명, 베트남인 6명"
[2026-05-30T01:41:05.257Z] [297/5381] SKIP BELCAT VINA JSC — no source_url
[2026-05-30T01:41:05.258Z] [298/5381] SKIP BELIEVE ZONE — no source_url
[2026-05-30T01:41:06.689Z] [299/5381] OK   BELLUS ( 벨루스 → 제품 59자, 직원 "한국인 : 4명 내국인 : 346명 그 외 : 명"
[2026-05-30T01:41:07.698Z] [300/5381] SKIP BENTEE CLOTHING,INC — no source_url
[2026-05-30T01:41:09.327Z] [301/5381] OK   BEST HR SOLUTION CO.,LTD ( 베스트 에이치알 솔루션 ) → 제품 76자, 직원 "한국인 : 5명 내국인 : 22명 그 외 : 명"
[2026-05-30T01:41:11.734Z] [302/5381] OK   BEST INNOVATION GLOVE ( 베스트 인노베이션 ) → 제품 37자, 직원 "한국인 : 22명 내국인 : 580명 그 외 : 명"
[2026-05-30T01:41:14.155Z] [303/5381] OK   BEST JNK DESIGN VN ( 베스트제이앤케이디자인 ) → 제품 35자, 직원 "한국인 : 1명 내국인 : 6명 그 외 : 명"
[2026-05-30T01:41:15.162Z] [304/5381] SKIP BEST MANUFACTURING TECHNOLOGY CO.,LTD — no source_url
[2026-05-30T01:41:15.163Z] [305/5381] SKIP BETECH E&C VINA COMPANY LIMITED — no source_url
[2026-05-30T01:41:15.163Z] [306/5381] SKIP BETHEL INTERNATIONAL COMPANY LIMITED — no source_url
[2026-05-30T01:41:16.570Z] [307/5381] OK   BETHEL VINA CO.,LTD ( 베델비나 ) → 제품 60자, 직원 "한국인 : 3명 내국인 : 500명 그 외 : 명"
[2026-05-30T01:41:19.209Z] [308/5381] OK   BEXCO → 창립 2020
[2026-05-30T01:41:21.211Z] [309/5381] OK   BGK GROUP → (기본 정보만)
[2026-05-30T01:41:22.218Z] [310/5381] SKIP BH FLEX VINA Co.,Ltd — no source_url
[2026-05-30T01:41:23.616Z] [311/5381] OK   BH TRADING VINA ( 비에이치트레이딩비나 ) → 제품 22자, 직원 "한국인 : 4명 내국인 : 58명 그 외 : 명"
[2026-05-30T01:41:26.106Z] [312/5381] OK   BIC CONSTRUCTION ARCHITECTURAL JSC ( BIC 건축 설계 JSC ) → 제품 70자, 직원 "한국인 : 1명 내국인 : 1명 그 외 : 명"
[2026-05-30T01:41:28.520Z] [313/5381] OK   BIDV (BA THANG HAI BRANCH) → 제품 72자, 직원 "한국인 : 1명 내국인 : 110명 그 외 : 명"
[2026-05-30T01:41:29.546Z] [314/5381] SKIP BIDV HANOI — no source_url
[2026-05-30T01:41:30.957Z] [315/5381] OK   BIDV SOUTH BINH DUONG BRANCH → 제품 9자, 직원 "한국인 : 명 내국인 : 122명 그 외 : 명"
[2026-05-30T01:41:31.967Z] [316/5381] SKIP BIDV 베트남 투자개발은행 — no source_url
[2026-05-30T01:41:33.426Z] [317/5381] OK   BIEN XANH CO.,LTD ( 성보 엔지니어링(주) ) → 제품 85자, 직원 "한국인 : 2명 내국인 : 4명 그 외 : 명"
[2026-05-30T01:41:34.431Z] [318/5381] SKIP BIG WAVE — no source_url
[2026-05-30T01:41:36.131Z] [319/5381] OK   BIGMOUTH COMPANY LIMITED → (기본 정보만)
[2026-05-30T01:41:38.572Z] [320/5381] OK   BIGPICTURE ( 빅픽처 회계컨설팅 ) → 제품 127자, 직원 "한국인 : 1명 내국인 : 2명 그 외 : 명"
[2026-05-30T01:41:41.030Z] [321/5381] OK   BIGTORAGE VIETNAM CO.,LTD ( (주) 빅토리지 베트남 ) → 제품 134자, 직원 "한국인 : 1명 내국인 : 1명 그 외 : 명"
[2026-05-30T01:41:42.037Z] [322/5381] SKIP BIM 그룹 — no source_url
[2026-05-30T01:41:43.478Z] [323/5381] OK   BINH AN VILLAGE JOINT STOCK COMPANY → 제품 61자, 직원 "한국인 : 명 내국인 : 26명 그 외 : 명"
[2026-05-30T01:41:46.057Z] [324/5381] OK   Binh Minh Production Packaging & Trading Company Limited → 소개 1220자, 직원 "총 50- 70명 (베트남 직원: 50-70명)", 창립 2003
[2026-05-30T01:41:48.452Z] [325/5381] OK   BIO VNK CO.,LTD ( 바이오브이앤케이 ) → 제품 36자, 직원 "한국인 : 1명 내국인 : 16명 그 외 : 명"
[2026-05-30T01:41:49.455Z] [326/5381] SKIP BION IMPORT-EXPORT ONE MEMBER CO.,LTD — no source_url
[2026-05-30T01:41:49.456Z] [327/5381] SKIP BIT E&M - HAI PHONG CO.,LTD — no source_url
[2026-05-30T01:41:49.457Z] [328/5381] SKIP BIZENTRO COMPANY LIMITED — no source_url
[2026-05-30T01:41:51.261Z] [329/5381] OK   BIZINSIGHT VIETNAM → 제품 60자, 직원 "9명 ( 한국직원: 6 명 / 베트남직원: 3 명)", 창립 2007
[2026-05-30T01:41:53.698Z] [330/5381] OK   BIZWELL CO.,LTD ( 비즈웰 ) → 제품 86자, 직원 "한국인 : 3명 내국인 : 12명 그 외 : 명"
[2026-05-30T01:41:54.703Z] [331/5381] SKIP BJ TECH VINA — no source_url
[2026-05-30T01:41:54.704Z] [332/5381] SKIP BJSTEEL VIETNAM — no source_url
[2026-05-30T01:41:56.109Z] [333/5381] OK   BK GROUP VN ( 바이오 영 (BIO YOUNG) ) → 제품 114자, 직원 "한국인 : 10명 내국인 : 150명 그 외 : 1명"
[2026-05-30T01:41:58.565Z] [334/5381] OK   BK VINA CO.,LTD ( 비케이 비나 주식회사 ) → 제품 58자, 직원 "한국인 : 3명 내국인 : 200명 그 외 : 1명"
[2026-05-30T01:41:59.569Z] [335/5381] SKIP BLISS TECH Co.,Ltd — no source_url
[2026-05-30T01:42:00.975Z] [336/5381] OK   BLOOM VIET NAM CO.,LTD → 제품 48자, 직원 "한국인 : 3명 내국인 : 1명 그 외 : 명"
[2026-05-30T01:42:03.404Z] [337/5381] OK   BLS VINA CO.,LTD → 제품 55자, 직원 "한국인 : 4명 내국인 : 6명 그 외 : 명"
[2026-05-30T01:42:05.936Z] [338/5381] OK   Blue Ocean Co.,Ltd ( 블루오션 ) → 제품 117자, 직원 "한국인 : 명 내국인 : 명 그 외 : 명"
[2026-05-30T01:42:08.357Z] [339/5381] OK   BLUE OCEAN ENERGY TECHNOLOGY VIETNAM COMPANY LIMITED → 제품 64자, 직원 "한국인 : 2명 내국인 : 50명 그 외 : 명"
[2026-05-30T01:42:10.782Z] [340/5381] OK   BLUE PACIFIC JSC ( 주식회사 블루 퍼시픽 ) → 제품 40자, 직원 "한국인 : 2명 내국인 : 48명 그 외 : 명"
[2026-05-30T01:42:13.206Z] [341/5381] OK   BLUE RACK CO.,LTD ( 블루 랙 ) → 제품 91자, 직원 "한국인 : 명 내국인 : 명 그 외 : 명"
[2026-05-30T01:42:15.608Z] [342/5381] OK   BLUE SEA CO.,LTD ( 블루시 ) → 제품 115자, 직원 "한국인 : 2명 내국인 : 65명 그 외 : 명"
[2026-05-30T01:42:16.612Z] [343/5381] SKIP BLUE TEC VINA CO.,LTD — no source_url
[2026-05-30T01:42:16.612Z] [344/5381] SKIP BLUE VINA GARMENT CO.,LTD — no source_url
[2026-05-30T01:42:16.613Z] [345/5381] SKIP BLUECOM VINA CO.,LTD — no source_url
[2026-05-30T01:42:18.037Z] [346/5381] OK   BLUESPACE VIETNAM JSC ( 블루 스페이스 ) → 제품 71자, 직원 "한국인 : 1명 내국인 : 11명 그 외 : 명"
[2026-05-30T01:42:20.431Z] [347/5381] OK   BLUESTAR ASIA CATERING ( 블루스타 아시아 단체급식 ) → 제품 78자, 직원 "한국인 : 3명 내국인 : 480명 그 외 : 명"
[2026-05-30T01:42:22.874Z] [348/5381] OK   BLUEYE ASIA ( 블루아이 아시아 ) → 제품 91자, 직원 "한국인 : 3명 내국인 : 2명 그 외 : 명"
[2026-05-30T01:42:25.639Z] [349/5381] OK   Bluzen Vietnam Co., Ltd → 소개 582자, 직원 "한국인 2명, 베트남인 7명", 창립 2013
[2026-05-30T01:42:27.597Z] [350/5381] OK   BM VINA → (기본 정보만)
[2026-05-30T01:42:30.253Z] [351/5381] OK   BMD PRINTING VINA CO.,LTD → 제품 38자, 직원 "한국인 : 2명 내국인 : 20명 그 외 : 2명"
[2026-05-30T01:42:31.265Z] [352/5381] SKIP BMK VINA COMPANY LIMITED — no source_url
[2026-05-30T01:42:32.655Z] [353/5381] OK   BMO INT CO., LTD → 제품 68자, 직원 "한국인 : 1명 내국인 : 명 그 외 : 명"
[2026-05-30T01:42:33.665Z] [354/5381] SKIP BMP TRADING CO., LTD — no source_url
[2026-05-30T01:42:33.666Z] [355/5381] SKIP BN KMH HITECH — no source_url
[2026-05-30T01:42:35.061Z] [356/5381] OK   BNF VIETNAM JSC ( BNF VIET NAM JOINT STOCK COMPANY ) → 제품 151자, 직원 "한국인 : 2명 내국인 : 35명 그 외 : 명"
[2026-05-30T01:42:37.741Z] [357/5381] OK   BNS Steel Wire co.Ltd → (기본 정보만)
[2026-05-30T01:42:38.752Z] [358/5381] SKIP BNS 스틸 와이어 — no source_url
[2026-05-30T01:42:38.753Z] [359/5381] SKIP BO-ON GLOVES VIET NAM COMPANY LIMITED — no source_url
[2026-05-30T01:42:40.161Z] [360/5381] OK   BOB VINA CO.,LTD ( 비오비 비나 ) → 제품 25자, 직원 "한국인 : 1명 내국인 : 97명 그 외 : 명"
[2026-05-30T01:42:42.584Z] [361/5381] OK   BOB VINA FARM CO.,LTD → 제품 22자, 직원 "한국인 : 4명 내국인 : 2명 그 외 : 명"
[2026-05-30T01:42:45.841Z] [362/5381] OK   BODAQ VIETNAM CO.,LTD → 제품 34자, 직원 "한국인 : 명 내국인 : 1명 그 외 : 명"
[2026-05-30T01:42:46.848Z] [363/5381] SKIP BOE KOREA CO.,LTD — no source_url
[2026-05-30T01:42:46.849Z] [364/5381] SKIP BOK EUM TARP VINA COMPANY LIMITED — no source_url
[2026-05-30T01:42:48.245Z] [365/5381] OK   BOKWANGENC VINA CO.,LTD → 제품 46자, 직원 "한국인 : 1명 내국인 : 9명 그 외 : 명"
[2026-05-30T01:42:50.630Z] [366/5381] OK   BOKYUNG INDUSTRY VIETNAM CO.,LTD ( 보경 산업 ) → 제품 188자, 직원 "한국인 : 2명 내국인 : 26명 그 외 : 명"
[2026-05-30T01:42:53.004Z] [367/5381] OK   BOLCO CO.,LTD → 제품 27자, 직원 "한국인 : 6명 내국인 : 35명 그 외 : 명"
[2026-05-30T01:42:55.504Z] [368/5381] OK   BOM BIOLOGICS CO.,LTD ( 비오엠 바이오로직스 ) → 제품 147자, 직원 "한국인 : 3명 내국인 : 150명 그 외 : 명"
[2026-05-30T01:42:58.048Z] [369/5381] OK   BOM Finance service → 소개 315자, 창립 2000
[2026-05-30T01:42:59.055Z] [370/5381] SKIP Boma Resort Nha Trang — no source_url
[2026-05-30T01:42:59.056Z] [371/5381] SKIP BON JUK BAC NINH COMPANY LIMITED — no source_url
[2026-05-30T01:42:59.057Z] [372/5381] SKIP BON SOLUTIONS VINA COMPANY LIMITED — no source_url
[2026-05-30T01:42:59.058Z] [373/5381] SKIP BONA APPAREL — no source_url
[2026-05-30T01:42:59.058Z] [374/5381] SKIP BONACON VINA — no source_url
[2026-05-30T01:42:59.972Z] [375/5381] OK   BOO DEKO CO.,LTD → (기본 정보만)
[2026-05-30T01:43:02.424Z] [376/5381] OK   BOO SEONG VINA CO.,LTD ( 부성 비나 ) → 제품 49자, 직원 "한국인 : 1명 내국인 : 26명 그 외 : 명"
[2026-05-30T01:43:03.429Z] [377/5381] SKIP BOO YOUNG TOOL VINA — no source_url
[2026-05-30T01:43:03.430Z] [378/5381] SKIP BOO YOUNG VINA Co.,Ltd — no source_url
[2026-05-30T01:43:04.858Z] [379/5381] OK   BOOMIN VINA CO.,LTD ( 부민비나 ) → 제품 32자, 직원 "한국인 : 6명 내국인 : 200명 그 외 : 명"
[2026-05-30T01:43:07.286Z] [380/5381] OK   BORA FOOD CO.,LTD ( 보라식품 ) → 제품 24자, 직원 "한국인 : 4명 내국인 : 60명 그 외 : 명"
[2026-05-30T01:43:09.738Z] [381/5381] OK   BORAMTEK VIETNAM CO.,LTD ( 보람테크 ) → 제품 85자, 직원 "한국인 : 6명 내국인 : 662명 그 외 : 명"
[2026-05-30T01:43:12.225Z] [382/5381] OK   BOS SEMICONDUCTORS VIETNAM CO.,LTD ( 보스 반도체 베트남 유한책임회사 ) → 제품 29자, 직원 "한국인 : 1명 내국인 : 109명 그 외 : 명"
[2026-05-30T01:43:13.231Z] [383/5381] SKIP BOSUNG ENG VIET NAM — no source_url
[2026-05-30T01:43:13.232Z] [384/5381] SKIP BOSUNG TECH VINA — no source_url
[2026-05-30T01:43:14.687Z] [385/5381] OK   BOSUNG VINA CO.,LTD ( 보성비나 ) → 제품 59자, 직원 "한국인 : 3명 내국인 : 170명 그 외 : 2명"
[2026-05-30T01:43:17.119Z] [386/5381] OK   BOTANICA SERVICES TRADING CO., LTD ( 보타니카 ) → 제품 127자, 직원 "한국인 : 2명 내국인 : 9명 그 외 : 명"
[2026-05-30T01:43:19.531Z] [387/5381] OK   BOUSTEAD & KTG INDUSTRIAL MANAGEMENT CO.,LTD (BKIM) → 제품 73자, 직원 "한국인 : 명 내국인 : 38명 그 외 : 2명"
[2026-05-30T01:43:21.916Z] [388/5381] OK   BOVIET FL COMPANY LIMITED ( 보비엣 포크리프트 ) → 제품 87자, 직원 "한국인 : 5명 내국인 : 40명 그 외 : 명"
[2026-05-30T01:43:22.918Z] [389/5381] SKIP BQ TECH VINA COMPANY LIMITED — no source_url
[2026-05-30T01:43:24.355Z] [390/5381] OK   BR VINA PACKING CO.,LTD ( 비알 비나 팩킹 ) → 제품 64자, 직원 "한국인 : 2명 내국인 : 200명 그 외 : 명"
[2026-05-30T01:43:25.365Z] [391/5381] SKIP BRANCH OF CANA YOUNG CO.,LTD- DA NANG — no source_url
[2026-05-30T01:43:26.765Z] [392/5381] OK   BRANCH OF DAEYOUNG TEXTILE VIETNAM ( 대영 텍스타일 베트남 ) → 제품 64자, 직원 "한국인 : 1명 내국인 : 30명 그 외 : 명"
[2026-05-30T01:43:29.272Z] [393/5381] OK   BRANCH OF DFDL VIETNAM LAW COMPANY LIMITED IN HO CHI MINH CITY ( 법무법인 DFDL 베트남 ) → 제품 90자, 직원 "한국인 : 1명 내국인 : 15명 그 외 : 2명"
[2026-05-30T01:43:31.712Z] [394/5381] OK   BRANCH OF HANARO TNS VIETNAM COMPANY LIMITED IN HO CHI MINH ( 하나로티앤에스 ) → 제품 100자, 직원 "한국인 : 3명 내국인 : 60명 그 외 : 명", 창립 1991
[2026-05-30T01:43:32.722Z] [395/5381] SKIP BRANCH OF HANBIT VINA COMPANY LIMITED IN HAI PHONG — no source_url
[2026-05-30T01:43:34.168Z] [396/5381] OK   Branch of Happycook in HCMC ( 해피국 호치민 영업지사 ) → 제품 74자, 직원 "한국인 : 1명 내국인 : 6명 그 외 : 명"
[2026-05-30T01:43:36.727Z] [397/5381] OK   BRANCH OF HIQ VINA IN THE SOUTH ( 하이큐 비나 남부지사 ) → 제품 53자, 직원 "한국인 : 3명 내국인 : 40명 그 외 : 명"
[2026-05-30T01:43:37.730Z] [398/5381] SKIP BRANCH OF LOTTECINEMA VIETNAM CO., LTD. IN BAC NINH CITY — no source_url
[2026-05-30T01:43:39.309Z] [399/5381] OK   BRANCH OF NAM YANG INTERNATIONAL LOGISTICS CO.,LTD → 제품 34자, 직원 "한국인 : 2명 내국인 : 5명 그 외 : 1명"
[2026-05-30T01:43:41.688Z] [400/5381] OK   BRANCH OF NAMYANG INNOTECH VINA CO.,LTD → 제품 48자, 직원 "한국인 : 3명 내국인 : 17명 그 외 : 명"
[2026-05-30T01:43:44.147Z] [401/5381] OK   BRANCH OF PUKU VIETNAM COMPANY LIMITED → 제품 29자, 직원 "한국인 : 4명 내국인 : 180명 그 외 : 4명"
[2026-05-30T01:43:46.717Z] [402/5381] OK   Branch of Shin and Kim (Vietnam) Limited Liability Law Company in Hanoi → 직원 "6 명 ( 한국직원: 1 명 / 베트남직원: 5 명 )", 창립 2018
[2026-05-30T01:43:49.194Z] [403/5381] OK   BRANCH OF SHIN HEUNG VINA CO.,LTD ( 신흥비나-꽝남 ) → 제품 50자, 직원 "한국인 : 3명 내국인 : 55명 그 외 : 명"
[2026-05-30T01:43:50.198Z] [404/5381] SKIP BRANCH OF ZIIN ENGINEERING VIET NAM CO., LTD — no source_url
[2026-05-30T01:43:51.761Z] [405/5381] OK   BRICKMATE GROUP VIETNAM ( 브릭메이트 ) → 제품 165자, 직원 "한국인 : 3명 내국인 : 130명 그 외 : 명"
[2026-05-30T01:43:54.185Z] [406/5381] OK   BRIDIA CO.,LTD ( 브리디아 ) → 제품 98자, 직원 "한국인 : 명 내국인 : 명 그 외 : 명"
[2026-05-30T01:43:56.757Z] [407/5381] OK   Brighton College Vietnam → 소개 672자, 직원 "베트남인 121명, 기타 62명"
[2026-05-30T01:43:59.213Z] [408/5381] OK   BRIMETAL VIETNAM JOINT STOCK COMPANY ( 브리메탈 베트남 주식회사 ) → 제품 58자, 직원 "한국인 : 4명 내국인 : 4명 그 외 : 명"
[2026-05-30T01:44:00.223Z] [409/5381] SKIP BRITISH VIETNAMESE INTERNATIONAL SCHOOL HANOI — no source_url
[2026-05-30T01:44:00.223Z] [410/5381] SKIP BROAD C&S — no source_url
[2026-05-30T01:44:01.677Z] [411/5381] OK   BROADPEAK - HCMC REP. OFFICE ( 영원 호치민 ) → 제품 41자, 직원 "한국인 : 6명 내국인 : 120명 그 외 : 명"
[2026-05-30T01:44:04.118Z] [412/5381] OK   BROADPEAK SOC TRANG CO.,LTD → 제품 63자, 직원 "한국인 : 10명 내국인 : 328명 그 외 : 23명"
[2026-05-30T01:44:05.133Z] [413/5381] SKIP BROADTEK VINA COMPANY LIMITED — no source_url
[2026-05-30T01:44:06.557Z] [414/5381] OK   BROTHER INTERNATIONAL (VIETNAM) CO.,LTD ( 브라더 인터내셔널 베트남 ) → 제품 21자, 직원 "한국인 : 1명 내국인 : 15명 그 외 : 명"
[2026-05-30T01:44:07.562Z] [415/5381] SKIP BRS VINA CO.,LTD — no source_url
[2026-05-30T01:44:07.562Z] [416/5381] SKIP BRTECH VINA COMPANY LIMITED — no source_url
[2026-05-30T01:44:09.324Z] [417/5381] OK   BS ENG VINA CO.,LTD → 제품 17자, 직원 "한국인 : 1명 내국인 : 1명 그 외 : 명"
[2026-05-30T01:44:11.782Z] [418/5381] OK   BS Smart VINA ( 비에스 스마트 VINA ) → 제품 106자, 직원 "한국인 : 명 내국인 : 명 그 외 : 명"
[2026-05-30T01:44:12.784Z] [419/5381] SKIP BSE VIETNAM CO.,LTD — no source_url
[2026-05-30T01:44:14.378Z] [420/5381] OK   BTB INTERNATIONAL → (기본 정보만)
[2026-05-30T01:44:15.385Z] [421/5381] SKIP BU IL VINA LIMITED COMPANY — no source_url
[2026-05-30T01:44:16.793Z] [422/5381] OK   Bucheon Vietnam Dong Nai Co.,Ltd ( 부천 베트남 동나이 ) → 제품 66자, 직원 "한국인 : 3명 내국인 : 1000명 그 외 : 명"
[2026-05-30T01:44:19.408Z] [423/5381] OK   BUIL → (기본 정보만)
[2026-05-30T01:44:20.412Z] [424/5381] SKIP BUMIL ENG COMPANY LIMITED — no source_url
[2026-05-30T01:44:20.413Z] [425/5381] SKIP BUMIL ENGINEERING & GENERAL CONSTRUCTION — no source_url
[2026-05-30T01:44:20.413Z] [426/5381] SKIP BUMJIN ELECTRONICS VINA COMPANY LIMITED — no source_url
[2026-05-30T01:44:21.817Z] [427/5381] OK   BUMSEI VINA CO.,LTD ( 범셰 ) → 제품 49자, 직원 "한국인 : 1명 내국인 : 20명 그 외 : 명"
[2026-05-30T01:44:22.826Z] [428/5381] SKIP BUMYANG INNO AIR CONDITIONING VIETNAM CO.,LTD — no source_url
[2026-05-30T01:44:24.264Z] [429/5381] OK   BUREAU VERITAS CONSUMER PRODUCTS SERVICES VIETNAM LTD (BV CPS VIETNAM) → 제품 210자, 직원 "한국인 : 5명 내국인 : 25명 그 외 : 명"
[2026-05-30T01:44:26.715Z] [430/5381] OK   BURIM CHEMICAL VINA CO.,LTD ( 부림 케미칼 비나 ) → 제품 126자, 직원 "한국인 : 2명 내국인 : 5명 그 외 : 명"
[2026-05-30T01:44:29.254Z] [431/5381] OK   BURNING BROS LLC ( 주식회사 버닝브로스 ) → 제품 40자, 직원 "한국인 : 2명 내국인 : 19명 그 외 : 명"
[2026-05-30T01:44:31.682Z] [432/5381] OK   BUSAN BANK - HO CHI MINH BRANCH ( 부산은행 호치민지점 ) → 제품 9자, 직원 "한국인 : 4명 내국인 : 13명 그 외 : 명"
[2026-05-30T01:44:34.214Z] [433/5381] OK   BUSAN METROPOLITAN CITY (REP. & TRADE OFFICE) ( 부산광역시 베트남대표무역사무소 ) → 제품 93자, 직원 "한국인 : 1명 내국인 : 2명 그 외 : 명"
[2026-05-30T01:44:36.665Z] [434/5381] OK   BUSAN NETS VINA ( 부산네츠비나 ) → 제품 61자, 직원 "한국인 : 1명 내국인 : 299명 그 외 : 명"
[2026-05-30T01:44:39.512Z] [435/5381] OK   BUSHIN VINA CO.,LTD → 제품 55자, 직원 "한국인 : 3명 내국인 : 147명 그 외 : 명"
[2026-05-30T01:44:41.945Z] [436/5381] OK   BUSKER CO.,LTD ( 버스커 ) → 제품 74자, 직원 "한국인 : 3명 내국인 : 1명 그 외 : 명"
[2026-05-30T01:44:44.365Z] [437/5381] OK   BUSYRUN VINA CO.,LTD ( 부지런비나 1인 유한회사 ) → 제품 86자, 직원 "한국인 : 3명 내국인 : 150명 그 외 : 명"
[2026-05-30T01:44:46.752Z] [438/5381] OK   BUWON VINA CO.,LTD ( (주)부원비나 ) → 제품 139자, 직원 "한국인 : 17명 내국인 : 800명 그 외 : 2명"
[2026-05-30T01:44:49.202Z] [439/5381] OK   BVA STEELS CO.,LTD → 제품 73자, 직원 "한국인 : 1명 내국인 : 7명 그 외 : 명"
[2026-05-30T01:44:51.921Z] [440/5381] OK   BW Industrial Development JSC → 창립 2018
[2026-05-30T01:44:52.928Z] [441/5381] SKIP BYEOK JIN VINA COMPANY LIMITED — no source_url
[2026-05-30T01:44:52.929Z] [442/5381] SKIP C-ONE — no source_url
[2026-05-30T01:44:54.371Z] [443/5381] OK   C-STORE VIET NAM CO.,LTD → 제품 26자, 직원 "한국인 : 명 내국인 : 명 그 외 : 명"
[2026-05-30T01:44:56.880Z] [444/5381] OK   C.S VINA CO.,LTD ( 시에스 비나 ) → 제품 34자, 직원 "한국인 : 1명 내국인 : 1명 그 외 : 명"
[2026-05-30T01:44:59.530Z] [445/5381] OK   C.T POLYMER CO.,LTD → 제품 99자, 직원 "한국인 : 3명 내국인 : 95명 그 외 : 명"
[2026-05-30T01:45:02.018Z] [446/5381] OK   C&C (SUPPLY AND DEMAND CO.,LTD) ( 씨앤씨 유한책임회사 ) → 제품 160자, 직원 "한국인 : 2명 내국인 : 20명 그 외 : 명"
[2026-05-30T01:45:04.576Z] [447/5381] OK   C&H INTERNATIONAL VINA ( 씨엔에이치 인터내셔널비나 ) → 제품 27자, 직원 "한국인 : 3명 내국인 : 160명 그 외 : 명"
[2026-05-30T01:45:06.980Z] [448/5381] OK   C&H MEKONG CO.,LTD → 제품 41자, 직원 "한국인 : 3명 내국인 : 40명 그 외 : 명"
[2026-05-30T01:45:09.411Z] [449/5381] OK   C&H VINA CO.,LTD ( 씨엔드 에치 비나 ) → 제품 62자, 직원 "한국인 : 9명 내국인 : 1472명 그 외 : 2명"
[2026-05-30T01:45:12.003Z] [450/5381] OK   C&J TRADING → 소개 209자, 제품 102자, 직원 "3명 ( 한국직원: 1명 / 베트남직원: 02명 )", 창립 1997
[2026-05-30T01:45:14.643Z] [451/5381] OK   C&N VINA CO.,LTD (C&N VINA KOREA INDUSTRIAL PARK) ( 한국산업공단 ) → 제품 114자, 직원 "한국인 : 3명 내국인 : 10000명 그 외 : 10명"
[2026-05-30T01:45:15.657Z] [452/5381] SKIP C&N VINA TAM ANH - KOREA CO.,LTD — no source_url
[2026-05-30T01:45:17.074Z] [453/5381] OK   C&N VINA TAM ANH - KOREA CO.,LTD ( C&N VINA 땀안-한국 유한책임 회사 ) → 제품 85자, 직원 "한국인 : 1명 내국인 : 50명 그 외 : 명"
[2026-05-30T01:45:19.520Z] [454/5381] OK   C&S TEXTILE CO.,LTD ( 씨엔에스 ) → 제품 24자, 직원 "한국인 : 5명 내국인 : 170명 그 외 : 명"
[2026-05-30T01:45:21.932Z] [455/5381] OK   C&T G-TECH CO.,LTD ( 씨앤티 지-텍 주식회사. ) → 제품 42자, 직원 "한국인 : 3명 내국인 : 115명 그 외 : 명"
[2026-05-30T01:45:24.365Z] [456/5381] OK   C&T VINA CO.,LTD ( 씨엔티 비나 ) → 제품 56자, 직원 "한국인 : 3명 내국인 : 35명 그 외 : 명"
[2026-05-30T01:45:25.369Z] [457/5381] SKIP C&Y VINA CO.,LTD — no source_url
[2026-05-30T01:45:26.774Z] [458/5381] OK   CA CONCRETE CO.,LTD ( CA 레미콘 (CA 건설) ) → 제품 58자, 직원 "한국인 : 1명 내국인 : 26명 그 외 : 명"
[2026-05-30T01:45:27.784Z] [459/5381] SKIP CA DESIGN CO.,LTD — no source_url
[2026-05-30T01:45:29.258Z] [460/5381] OK   CA SYSTEM DONGNAI VINA ( 씨에이시스템 동나이 비나 ) → 제품 17자, 직원 "한국인 : 1명 내국인 : 2명 그 외 : 명"
[2026-05-30T01:45:32.008Z] [461/5381] OK   Cai Mep Terminal Joint Stock Company ( CM LNG) → (기본 정보만)
[2026-05-30T01:45:33.023Z] [462/5381] SKIP CAIS VINA ELECTRONICS CO.,LTD — no source_url
[2026-05-30T01:45:34.619Z] [463/5381] OK   CAISA VINA CO.,LTD ( 까이사 비나 ) → 제품 100자, 직원 "한국인 : 3명 내국인 : 200명 그 외 : 명"
[2026-05-30T01:45:37.032Z] [464/5381] OK   CAMPTOWN VINA ( 캠프타운 비나 코퍼레이션 ) → 제품 35자, 직원 "한국인 : 2명 내국인 : 120명 그 외 : 명"
[2026-05-30T01:45:39.803Z] [465/5381] OK   CANA YOUNG CO., LTD → 소개 48자, 직원 "총 13명 (한국 직원 : 3 베트남 직원: 10명)"
[2026-05-30T01:45:41.741Z] [466/5381] OK   CANON LE BAO MINH HANOI BRANCH → 직원 "한국인 1 명, 베트남인 87 명", 창립 1997
[2026-05-30T01:45:42.742Z] [467/5381] SKIP CAP GLOBAL CO., LTD — no source_url
[2026-05-30T01:45:43.694Z] [468/5381] OK   CAP VINA → 소개 110자
[2026-05-30T01:45:44.695Z] [469/5381] SKIP CAPELLA LAND JSC — no source_url
[2026-05-30T01:45:44.696Z] [470/5381] SKIP CAPITALAND HOANG THANH CO.,LTD — no source_url
[2026-05-30T01:45:46.118Z] [471/5381] OK   CARGO RUSH INTERNATIONAL CO.,LTD ( ㈜ 카고러쉬 인터네셔널 ) → 제품 61자, 직원 "한국인 : 6명 내국인 : 110명 그 외 : 명"
[2026-05-30T01:45:48.526Z] [472/5381] OK   CARGOBUS LOGITEC CO.,LTD → 제품 15자, 직원 "한국인 : 2명 내국인 : 10명 그 외 : 명"
[2026-05-30T01:45:50.961Z] [473/5381] OK   CARMI CO.,LTD ( 까르미(주) ) → 제품 110자, 직원 "한국인 : 2명 내국인 : 100명 그 외 : 명"
[2026-05-30T01:45:53.464Z] [474/5381] OK   CARPA VIETNAM HOCHIMINH BRANCH ( 카르파 베트남 호치민지사 ) → 제품 57자, 직원 "한국인 : 3명 내국인 : 95명 그 외 : 명"
[2026-05-30T01:45:55.868Z] [475/5381] OK   CAS VN CO.,LTD ( 카스 전자저울 ) → 제품 97자, 직원 "한국인 : 2명 내국인 : 11명 그 외 : 명"
[2026-05-30T01:45:58.363Z] [476/5381] OK   CASTEC VINA CO.,LTD ( 캐스텍 비나 ) → 제품 113자, 직원 "한국인 : 22명 내국인 : 600명 그 외 : 명"
[2026-05-30T01:45:59.378Z] [477/5381] SKIP CBRE VIETNAM — no source_url
[2026-05-30T01:45:59.378Z] [478/5381] SKIP CELL BIO HUMAN TECH VINA CO.,LTD — no source_url
[2026-05-30T01:46:00.777Z] [479/5381] OK   CELLOJEAN CO.,LTD → 제품 10자, 직원 "한국인 : 1명 내국인 : 20명 그 외 : 1명"
[2026-05-30T01:46:03.239Z] [480/5381] OK   CENOPLAN VIETNAM CO.,LTD ( 씨노플랜 베트남 ) → 제품 78자, 직원 "한국인 : 3명 내국인 : 5명 그 외 : 명"
[2026-05-30T01:46:05.718Z] [481/5381] OK   CENTURY SANUP VINA CO.,LTD ( 센추리산업 비나 ) → 제품 210자, 직원 "한국인 : 3명 내국인 : 4명 그 외 : 명"
[2026-05-30T01:46:08.162Z] [482/5381] OK   CENTURY TRAVEL AND MARKETING SERVICE MTV COMPANY LIMITED ( 세기 여행 ) → 제품 78자, 직원 "한국인 : 명 내국인 : 4명 그 외 : 명"
[2026-05-30T01:46:10.604Z] [483/5381] OK   CENTURY VISION CO.,LTD ( 센츄리 비젼 → 제품 46자, 직원 "한국인 : 1명 내국인 : 15명 그 외 : 명"
[2026-05-30T01:46:11.612Z] [484/5381] SKIP CEO 스위트 — no source_url
[2026-05-30T01:46:13.209Z] [485/5381] OK   CESCO Vietnam → 직원 "40명 ( 한국직원: 3 명 / 베트남직원: 37 명)"
[2026-05-30T01:46:15.674Z] [486/5381] OK   CF VINA CO.,LTD ( 씨에프 비나 ) → 제품 30자, 직원 "한국인 : 1명 내국인 : 24명 그 외 : 명"
[2026-05-30T01:46:18.087Z] [487/5381] OK   CFD MANUFACTURE EX IM CO.,LTD → 제품 42자, 직원 "한국인 : 2명 내국인 : 8명 그 외 : 명"
[2026-05-30T01:46:20.646Z] [488/5381] OK   Cha&Kang → (기본 정보만)
[2026-05-30T01:46:21.659Z] [489/5381] SKIP CHADIOSTECH VINA — no source_url
[2026-05-30T01:46:23.073Z] [490/5381] OK   CHAINS CARAVELLE HOTEL JOINT VENTURE CO.,LTD → 제품 31자, 직원 "한국인 : 명 내국인 : 500명 그 외 : 3명"
[2026-05-30T01:46:25.514Z] [491/5381] OK   CHAM VK → 제품 34자, 직원 "한국인 : 3명 내국인 : 10명 그 외 : 명"
[2026-05-30T01:46:26.517Z] [492/5381] SKIP CHAM VK COMPANY LIMITED — no source_url
[2026-05-30T01:46:27.911Z] [493/5381] OK   CHANG DAE VINA CO.,LTD ( 창대비나 ) → 제품 56자, 직원 "한국인 : 10명 내국인 : 50명 그 외 : 명"
[2026-05-30T01:46:30.366Z] [494/5381] OK   CHANG SHIN VIETNAM CO.,LTD ( (주)창신베트남 ) → 제품 63자, 직원 "한국인 : 78명 내국인 : 42000명 그 외 : 명"
[2026-05-30T01:46:32.919Z] [495/5381] OK   CHANG SUNG ONE MEMBER → (기본 정보만)
[2026-05-30T01:46:35.652Z] [496/5381] OK   CHANGSHIN TECHNOLOGY VIETNAM CO.,LTD ( 창신정밀 베트남 ) → 제품 32자, 직원 "한국인 : 15명 내국인 : 400명 그 외 : 명"
[2026-05-30T01:46:38.084Z] [497/5381] OK   CHANS VINA CO.,LTD ( 찬스비나 ) → 제품 47자, 직원 "한국인 : 2명 내국인 : 7명 그 외 : 명"
[2026-05-30T01:46:39.086Z] [498/5381] SKIP CHAO HOI AN COMPANY LIMITED — no source_url
[2026-05-30T01:46:40.628Z] [499/5381] OK   CHC LAB CO.,LTD → (기본 정보만)
[2026-05-30T01:46:41.631Z] [500/5381] SKIP CHD VINA COMPANY LIMITED — no source_url
[2026-05-30T01:46:41.632Z] [501/5381] SKIP CHEIL INDUSTRIES INC. VIETNAM Co.,Ltd — no source_url
[2026-05-30T01:46:43.033Z] [502/5381] OK   CHEILMOBILE CO.,LTD ( ㈜제일모빌 ) → 제품 53자, 직원 "한국인 : 3명 내국인 : 35명 그 외 : 명"
[2026-05-30T01:46:45.435Z] [503/5381] OK   CHEM4E JOINT STOCK COMPANY → 제품 73자, 직원 "한국인 : 1명 내국인 : 2명 그 외 : 명"
[2026-05-30T01:46:47.902Z] [504/5381] OK   CHEMBASE VINA ( 켐베이스 비나 ) → 제품 81자, 직원 "한국인 : 4명 내국인 : 35명 그 외 : 명"
[2026-05-30T01:46:50.375Z] [505/5381] OK   CHEMILENS CO.,LTD ( 케미렌즈 ) → 제품 57자, 직원 "한국인 : 1명 내국인 : 27명 그 외 : 명"
[2026-05-30T01:46:51.379Z] [506/5381] SKIP CHEMTECH SOLUTION VINA CO.,LTD — no source_url
[2026-05-30T01:46:52.763Z] [507/5381] OK   CHEMTRO VINA CO.,LTD ( 켐트로비나 ) → 제품 64자, 직원 "한국인 : 12명 내국인 : 855명 그 외 : 명"
[2026-05-30T01:46:55.438Z] [508/5381] OK   CHEONG SAN VINA → 소개 40자, 직원 "90명 ( 한국직원: 5명 / 베트남직원:85명 )"
[2026-05-30T01:46:57.357Z] [509/5381] OK   Cheong Song E&C → (기본 정보만)
[2026-05-30T01:46:58.361Z] [510/5381] SKIP CHEONGDAM RESTAURANT (TAESUNG GHTEC TRADING COMPANY LIMITED) — no source_url
[2026-05-30T01:46:58.362Z] [511/5381] SKIP CHIA BAKERY & COFFEE — no source_url
[2026-05-30T01:46:58.362Z] [512/5381] SKIP Chicilon media — no source_url
[2026-05-30T01:46:59.769Z] [513/5381] OK   CHINH CHU RANG F.S CO.,LTD ( 진주랑 푸드 서비스 ) → 제품 46자, 직원 "한국인 : 3명 내국인 : 200명 그 외 : 명"
[2026-05-30T01:47:02.274Z] [514/5381] OK   CHITOWORLD CO.,LTD ( 키토월드유한공사 ) → 제품 54자, 직원 "한국인 : 7명 내국인 : 84명 그 외 : 명"
[2026-05-30T01:47:04.709Z] [515/5381] OK   CHO-A PHARM CO.,LTD ( 조아제약㈜ 베트남지사 ) → 제품 94자, 직원 "한국인 : 1명 내국인 : 5명 그 외 : 명"
[2026-05-30T01:47:07.274Z] [516/5381] OK   CHOI & SHIN'S VINA CO.,LTD ( 최신비나 ) → 제품 15자, 직원 "한국인 : 3명 내국인 : 1450명 그 외 : 4명"
[2026-05-30T01:47:09.834Z] [517/5381] OK   CHOI'S REAL ESTATE ( 초이스부동산 ) → 제품 49자, 직원 "한국인 : 2명 내국인 : 4명 그 외 : 명"
[2026-05-30T01:47:12.291Z] [518/5381] OK   CHOI'S SERVICE & TRAVEL COMPANY LIMITED ( 쵸이스 서비스 & 트레블 ) → 제품 29자, 직원 "한국인 : 1명 내국인 : 2명 그 외 : 명"
[2026-05-30T01:47:14.754Z] [519/5381] OK   CHOICE PROTECH CO.,LTD ( 초이스 프로 테크 ) → 제품 147자, 직원 "한국인 : 2명 내국인 : 150명 그 외 : 명"
[2026-05-30T01:47:17.230Z] [520/5381] OK   CHOKWANG VINA CO.,LTD ( 조광비나 ) → 제품 170자, 직원 "한국인 : 4명 내국인 : 50명 그 외 : 명"
[2026-05-30T01:47:19.598Z] [521/5381] OK   CHONG KUN DANG PHARMACEUTICAL CORP. (HCMC REP. OFFICE) ( 종근당 ) → 제품 73자, 직원 "한국인 : 1명 내국인 : 5명 그 외 : 명"
[2026-05-30T01:47:22.021Z] [522/5381] OK   CHONG RO VINA CO.,LTD ( 종로 베어링 ) → 제품 172자, 직원 "한국인 : 1명 내국인 : 6명 그 외 : 명"
[2026-05-30T01:47:24.497Z] [523/5381] OK   CHOONG ANG VINA ALUMINIUM CO.,LTD ( 중앙비나알루미늄㈜ ) → 제품 170자, 직원 "한국인 : 1명 내국인 : 25명 그 외 : 명"
[2026-05-30T01:47:27.104Z] [524/5381] OK   CHOONGNAM VIETNAM TEXTILE CO.,LTD ( 충남방적베트남 ) → 제품 66자, 직원 "한국인 : 6명 내국인 : 600명 그 외 : 명"
[2026-05-30T01:47:29.521Z] [525/5381] OK   CHOSUK C&D ( 초석건설산업 ) → 제품 196자, 직원 "한국인 : 20명 내국인 : 130명 그 외 : 3명"
[2026-05-30T01:47:31.952Z] [526/5381] OK   CHOSUN VINA CO.,LTD ( 조선비나 주식회사 ) → 제품 56자, 직원 "한국인 : 6명 내국인 : 70명 그 외 : 명"
[2026-05-30T01:47:34.415Z] [527/5381] OK   CHUN SHIN PRECISION VINA CO.,LTD ( 천신지퍼 비나 ) → 제품 28자, 직원 "한국인 : 13명 내국인 : 320명 그 외 : 명"
[2026-05-30T01:47:35.424Z] [528/5381] SKIP CHUN WOO CLEANING AND ENGINEERING Co.,Ltd — no source_url
[2026-05-30T01:47:35.424Z] [529/5381] SKIP CHUNG AM VINA — no source_url
[2026-05-30T01:47:36.823Z] [530/5381] OK   CHUNG WOO CORPORATION (HCMC REP. OFFICE) ( (주)청우통상 - 호치민 지사 ) → 제품 75자, 직원 "한국인 : 명 내국인 : 8명 그 외 : 명"
[2026-05-30T01:47:37.838Z] [531/5381] SKIP CHUNG YEON KOREAN MEDICINE CENTER IN HANOI — no source_url
[2026-05-30T01:47:37.839Z] [532/5381] SKIP CHUNGDANG VINA CO, LTD — no source_url
[2026-05-30T01:47:39.363Z] [533/5381] OK   CHUNGHO VINA HEALTH SOLUTION CO.,LTD ( 청호비나 헬스솔루션 ) → 제품 91자, 직원 "한국인 : 3명 내국인 : 4명 그 외 : 명"
[2026-05-30T01:47:40.369Z] [534/5381] SKIP CHUNGSOL COSCHEM VINA — no source_url
[2026-05-30T01:47:42.073Z] [535/5381] OK   CHUNGWOO VINA CO.,LTD → (기본 정보만)
[2026-05-30T01:47:44.036Z] [536/5381] OK   ChungYang Food → (기본 정보만)
[2026-05-30T01:47:46.477Z] [537/5381] OK   CHUNIL VINA JSC ( 천일정기화물자동차(주) 베트남지사 ) → 제품 17자, 직원 "한국인 : 3명 내국인 : 20명 그 외 : 명"
[2026-05-30T01:47:48.903Z] [538/5381] OK   CHUNJIN VINA CO.,LTD → 제품 86자, 직원 "한국인 : 2명 내국인 : 40명 그 외 : 명"
[2026-05-30T01:47:51.521Z] [539/5381] OK   Chunwoo real estate development company limited → 소개 67자
[2026-05-30T01:47:53.926Z] [540/5381] OK   CHUONG GIO FILMS JSC ( 쯩요 필름 (주식회사) ) → 제품 105자, 직원 "한국인 : 명 내국인 : 명 그 외 : 명"
[2026-05-30T01:47:56.475Z] [541/5381] OK   CI TECH → (기본 정보만)
[2026-05-30T01:47:58.878Z] [542/5381] OK   CI VIETNAM CO.,LTD → 제품 73자, 직원 "한국인 : 1명 내국인 : 10명 그 외 : 명"
[2026-05-30T01:48:01.416Z] [543/5381] OK   CIKO VINA CO.,LTD → 제품 52자, 직원 "한국인 : 1명 내국인 : 3명 그 외 : 명"
[2026-05-30T01:48:03.904Z] [544/5381] OK   CITY E & C CO.,LTD → 제품 23자, 직원 "한국인 : 1명 내국인 : 300명 그 외 : 명"
[2026-05-30T01:48:06.399Z] [545/5381] OK   City Focus Lighting Co.,Ltd ( 씨티 포커스 라이팅 ) → 제품 43자, 직원 "한국인 : 3명 내국인 : 150명 그 외 : 2명"
[2026-05-30T01:48:08.927Z] [546/5381] OK   CITYO CO.,LTD → 제품 74자, 직원 "한국인 : 1명 내국인 : 1명 그 외 : 명"
[2026-05-30T01:48:11.339Z] [547/5381] OK   CJ BAKERY VIETNAM CO.,LTD ( 씨제이 푸드빌 베트남 ) → 제품 88자, 직원 "한국인 : 5명 내국인 : 730명 그 외 : 명"
[2026-05-30T01:48:13.802Z] [548/5381] OK   CJ CGV VIETNAM CO.,LTD → 제품 12자, 직원 "한국인 : 1명 내국인 : 15명 그 외 : 명"
[2026-05-30T01:48:16.439Z] [549/5381] OK   CJ E&C VIETNAM CO.,LTD → 제품 17자, 직원 "한국인 : 1명 내국인 : 3명 그 외 : 명"
[2026-05-30T01:48:18.975Z] [550/5381] OK   CJ FOODS VIETNAM CO.,LTD ( CJ 푸드 베트남 ) → 제품 48자, 직원 "한국인 : 2명 내국인 : 10명 그 외 : 명"
[2026-05-30T01:48:21.448Z] [551/5381] OK   CJ GEMADEPT LOGISTICS HOLDINGS CO.,LTD ( CJ제마뎁 ) → 제품 61자, 직원 "한국인 : 4명 내국인 : 700명 그 외 : 명"
[2026-05-30T01:48:23.886Z] [552/5381] OK   CJ GEMADEPT SHIPPING HOLDINGS CO.,LTD ( CJ제마뎁 ) → 제품 46자, 직원 "한국인 : 4명 내국인 : 700명 그 외 : 명"
[2026-05-30T01:48:26.349Z] [553/5381] OK   CJ LOGISTICS VIETNAM CO.,LTD ( CJ대한통운 베트남 ) → 제품 77자, 직원 "한국인 : 17명 내국인 : 600명 그 외 : 명"
[2026-05-30T01:48:28.966Z] [554/5381] OK   CJ OLIVENETWORKS VINA CO.,LTD ( 씨제이 올리브네트웍스 베트남 ) → 제품 106자, 직원 "한국인 : 명 내국인 : 40명 그 외 : 명"
[2026-05-30T01:48:29.973Z] [555/5381] SKIP CJ SG SAFETY — no source_url
[2026-05-30T01:48:31.588Z] [556/5381] OK   CJ VINA AGRI CO.,LTD ( 씨제이비나 아그리 ) → 제품 81자, 직원 "한국인 : 22명 내국인 : 4919명 그 외 : 명"
[2026-05-30T01:48:34.127Z] [557/5381] OK   CJ VINA AGRI COMPANY LIMITED - DONG NAI BRANCH → 제품 90자, 직원 "한국인 : 2명 내국인 : 102명 그 외 : 명"
[2026-05-30T01:48:35.142Z] [558/5381] SKIP CJ대한통운 — no source_url
[2026-05-30T01:48:36.572Z] [559/5381] OK   CK LINE (VIETNAM) CO.,LTD ( 천경해운 ) → 제품 13자, 직원 "한국인 : 2명 내국인 : 35명 그 외 : 명"
[2026-05-30T01:48:37.587Z] [560/5381] SKIP CKD BIO CORP — no source_url
[2026-05-30T01:48:37.588Z] [561/5381] SKIP CKJ VINA CO.,LTD — no source_url
[2026-05-30T01:48:39.337Z] [562/5381] OK   Clark Material Handling Vietnam → (기본 정보만)
[2026-05-30T01:48:41.811Z] [563/5381] OK   CLARK MATERIAL HANDLINGS ( 클라크 지게차 ) → 제품 25자, 직원 "한국인 : 2명 내국인 : 5명 그 외 : 명"
[2026-05-30T01:48:44.331Z] [564/5381] OK   CLEAN ENERGY TRADING CO.,LTD ( 한신기계공업주식회사 ) → 제품 66자, 직원 "한국인 : 1명 내국인 : 3명 그 외 : 명"
[2026-05-30T01:48:46.750Z] [565/5381] OK   CLEANWRAP LATEX VN ( 크린랩 ) → 제품 37자, 직원 "한국인 : 10명 내국인 : 250명 그 외 : 명"
[2026-05-30T01:48:49.199Z] [566/5381] OK   CLEMENCE CO.,LTD → 제품 30자, 직원 "한국인 : 1명 내국인 : 152명 그 외 : 명"
[2026-05-30T01:48:51.751Z] [567/5381] OK   CLICK VINA CO.,LTD → 소개 127자, 직원 "한국인 2명, 베트남인 17명"
[2026-05-30T01:48:54.211Z] [568/5381] OK   CLIO VINA → 제품 34자, 직원 "한국인 : 1명 내국인 : 10명 그 외 : 명"
[2026-05-30T01:48:56.689Z] [569/5381] OK   CLOUDN VIETNAM CO.,LTD ( 주식회사 클라우드앤 베트남 ) → 제품 186자, 직원 "한국인 : 1명 내국인 : 명 그 외 : 명"
[2026-05-30T01:48:57.703Z] [570/5381] SKIP CLOVER FILTER VINA CO.,LTD — no source_url
[2026-05-30T01:48:59.308Z] [571/5381] OK   CMC GLOBAL Company Limited → 소개 640자, 창립 2017
[2026-05-30T01:49:00.309Z] [572/5381] SKIP CMC GLOBAL Ltd., — no source_url
[2026-05-30T01:49:01.735Z] [573/5381] OK   CMC VINA CO.,LTD ( 씨엠씨 비나 ) → 제품 55자, 직원 "한국인 : 1명 내국인 : 500명 그 외 : 명"
[2026-05-30T01:49:04.210Z] [574/5381] OK   CME SOLAR JSC → 제품 73자, 직원 "한국인 : 명 내국인 : 명 그 외 : 명"
[2026-05-30T01:49:06.632Z] [575/5381] OK   CMJ BIO CO.,LTD → 제품 92자, 직원 "한국인 : 5명 내국인 : 50명 그 외 : 명"
[2026-05-30T01:49:09.101Z] [576/5381] OK   CMK ENGINEERING CO.,LTD → 제품 118자, 직원 "한국인 : 2명 내국인 : 7명 그 외 : 명"
[2026-05-30T01:49:11.561Z] [577/5381] OK   CMK STEEL CO.,LTD → 제품 73자, 직원 "한국인 : 1명 내국인 : 100명 그 외 : 명"
[2026-05-30T01:49:13.981Z] [578/5381] OK   CMT INTER LOGICS ( 씨엠티국제특송 ) → 제품 59자, 직원 "한국인 : 1명 내국인 : 8명 그 외 : 명"
[2026-05-30T01:49:16.441Z] [579/5381] OK   CNA CHEMICAL CO.,LTD ( 씨앤에이 케미컬(주) ) → 제품 144자, 직원 "한국인 : 4명 내국인 : 125명 그 외 : 명"
[2026-05-30T01:49:17.452Z] [580/5381] SKIP CNC테크 주식회사 — no source_url
[2026-05-30T01:49:19.076Z] [581/5381] OK   CNI ENGINEERING CO.,LTD ( 씨엔아이 엔지니어링 ) → 제품 106자, 직원 "한국인 : 2명 내국인 : 2명 그 외 : 명"
[2026-05-30T01:49:20.085Z] [582/5381] SKIP CNM KH VIET NAM Co.,Ltd — no source_url
[2026-05-30T01:49:20.086Z] [583/5381] SKIP CNT SOLUTION VINA CO., LTD — no source_url
[2026-05-30T01:49:21.569Z] [584/5381] OK   CNTUS VIET NAM CO., LTD ( 씨앤투스이지스비나 ) → 제품 107자, 직원 "한국인 : 5명 내국인 : 145명 그 외 : 명"
[2026-05-30T01:49:24.264Z] [585/5381] OK   CO-LOVE → (기본 정보만)
[2026-05-30T01:49:26.991Z] [586/5381] OK   CO&I CO.,LTD ( 코앤아이 ) → 제품 316자, 직원 "한국인 : 명 내국인 : 2명 그 외 : 명"
[2026-05-30T01:49:29.549Z] [587/5381] OK   COASIA ITSWELL VINA ( 코아시아 이츠웰 비나 ) → 제품 31자, 직원 "한국인 : 5명 내국인 : 420명 그 외 : 명"
[2026-05-30T01:49:32.028Z] [588/5381] OK   COBI HOME ( 코비그룹 ) → 제품 188자, 직원 "한국인 : 20명 내국인 : 200명 그 외 : 명", 창립 1992
[2026-05-30T01:49:34.840Z] [589/5381] OK   COBI INTERNATIONAL CO.,LTD → 소개 337자, 직원 "한국인 2명, 베트남인 20명", 창립 2017
[2026-05-30T01:49:37.305Z] [590/5381] OK   COBI ONE CO.,LTD ( COBI GROUP (COBI ONE) 부동산 투자개발운용사업 ) → 제품 123자, 직원 "한국인 : 20명 내국인 : 200명 그 외 : 명"
[2026-05-30T01:49:39.943Z] [591/5381] OK   COCO PAPA CO.,LTD → 제품 45자, 직원 "한국인 : 2명 내국인 : 5명 그 외 : 1명"
[2026-05-30T01:49:42.387Z] [592/5381] OK   COCOKID TRADING CO.,LTD ( 코코키드 ) → 제품 89자, 직원 "한국인 : 2명 내국인 : 6명 그 외 : 명"
[2026-05-30T01:49:43.395Z] [593/5381] SKIP COCONUT AND PEOPLE CO.,LTD — no source_url
[2026-05-30T01:49:44.836Z] [594/5381] OK   Coconut Silo Vina ( 코코넛사일로 비나 ) → 제품 114자, 직원 "한국인 : 2명 내국인 : 5명 그 외 : 명"
[2026-05-30T01:49:47.298Z] [595/5381] OK   COCOVN CO.,LTD → 제품 33자, 직원 "한국인 : 4명 내국인 : 6명 그 외 : 2명"
[2026-05-30T01:49:49.816Z] [596/5381] OK   COEX VINA CO.,LTD ( 코엑스 비나 ) → 제품 74자, 직원 "한국인 : 2명 내국인 : 18명 그 외 : 명"
[2026-05-30T01:49:52.444Z] [597/5381] OK   COFACE SERVICES VIETNAM CO.,LTD → 제품 114자, 직원 "한국인 : 명 내국인 : 6명 그 외 : 명"
[2026-05-30T01:49:53.455Z] [598/5381] SKIP COGO TRADING SERVICES JSC — no source_url
[2026-05-30T01:49:54.840Z] [599/5381] OK   COLOR&TOUCH HCM CO., LTD → 제품 40자, 직원 "한국인 : 15명 내국인 : 16명 그 외 : 명"
[2026-05-30T01:49:57.246Z] [600/5381] OK   COMDOCTOR CO.,LTD → 제품 43자, 직원 "한국인 : 2명 내국인 : 43명 그 외 : 명"
[2026-05-30T01:49:59.910Z] [601/5381] OK   COMMO VINA CO., LTD → (기본 정보만)
[2026-05-30T01:50:02.090Z] [602/5381] OK   COMPKOREA VINA CO.,LTD → (기본 정보만)
[2026-05-30T01:50:03.104Z] [603/5381] SKIP Công ty Cổ phần 216 — no source_url
[2026-05-30T01:50:03.105Z] [604/5381] SKIP Công ty Cổ phần Tập đoàn Hóa chất nhựa — no source_url
[2026-05-30T01:50:03.105Z] [605/5381] SKIP Công ty Cổ Phần Tập Đoàn Quốc Tế BAT Việt Nam — no source_url
[2026-05-30T01:50:04.550Z] [606/5381] OK   CONG TY TNHH BAO VE DAI MINH LONG 24H → 제품 66자, 직원 "한국인 : 2명 내국인 : 600명 그 외 : 명"
[2026-05-30T01:50:07.084Z] [607/5381] OK   CONG TY TNHH CMH CO., LTD → (기본 정보만)
[2026-05-30T01:50:08.090Z] [608/5381] SKIP Công ty TNHH DASAN Việt Nam — no source_url
[2026-05-30T01:50:08.091Z] [609/5381] SKIP CÔNG TY TNHH KAIZEN CREATIVE VIỆT NAM — no source_url
[2026-05-30T01:50:08.092Z] [610/5381] SKIP Công ty TNHH Yamagata Solutions Việt Nam — no source_url
[2026-05-30T01:50:08.092Z] [611/5381] SKIP COOLTECAN — no source_url
[2026-05-30T01:50:09.708Z] [612/5381] OK   COOLTEX VIETNAM ( 쿨텍스 베트남 ) → 제품 20자, 직원 "한국인 : 5명 내국인 : 90명 그 외 : 명"
[2026-05-30T01:50:10.718Z] [613/5381] SKIP CORE - I VINA — no source_url
[2026-05-30T01:50:13.186Z] [614/5381] OK   CORE ELECTRONICS VIETNAM CO.,LTD ( 코아 전자 베트남 ) → 제품 132자, 직원 "한국인 : 2명 내국인 : 100명 그 외 : 명"
[2026-05-30T01:50:15.590Z] [615/5381] OK   CORE HIGH TECH CO.,LTD → 제품 22자, 직원 "한국인 : 2명 내국인 : 30명 그 외 : 명"
[2026-05-30T01:50:18.201Z] [616/5381] OK   CORE M-TECH VINA → (기본 정보만)
[2026-05-30T01:50:20.664Z] [617/5381] OK   COS&KO VINA CO.,LTD ( 코스앤코비나 ) → 제품 21자, 직원 "한국인 : 4명 내국인 : 26명 그 외 : 명"
[2026-05-30T01:50:23.096Z] [618/5381] OK   COSCHEM VINA → 제품 144자, 직원 "한국인 : 1명 내국인 : 7명 그 외 : 명"
[2026-05-30T01:50:24.102Z] [619/5381] SKIP COSME-V CO.,LTD — no source_url
[2026-05-30T01:50:24.103Z] [620/5381] SKIP COSMO DEVELOPMENT COMPANY LIMITED — no source_url
[2026-05-30T01:50:25.561Z] [621/5381] OK   COSMOS CO.,LTD ( 코모스 ) → 제품 26자, 직원 "한국인 : 1명 내국인 : 4명 그 외 : 명"
[2026-05-30T01:50:27.986Z] [622/5381] OK   COTTON CLUB VIETNAM LTD ( 코튼클럽 베트남 ) → 제품 104자, 직원 "한국인 : 3명 내국인 : 700명 그 외 : 3명"
[2026-05-30T01:50:30.441Z] [623/5381] OK   COUNT VINA CO.,LTD ( 카운트 비나 코퍼레이션 ) → 제품 28자, 직원 "한국인 : 2명 내국인 : 80명 그 외 : 명"
[2026-05-30T01:50:32.990Z] [624/5381] OK   COV VINA CO.,LTD ( 코브비나 ) → 제품 96자, 직원 "한국인 : 1명 내국인 : 89명 그 외 : 2명"
[2026-05-30T01:50:35.990Z] [625/5381] OK   COWAY VINA → (기본 정보만)
[2026-05-30T01:50:36.994Z] [626/5381] SKIP COWIN VINA CO.,LTD — no source_url
[2026-05-30T01:50:36.995Z] [627/5381] SKIP CPRO VIETNAM COMPANY LIMITED — no source_url
[2026-05-30T01:50:36.996Z] [628/5381] SKIP CR INTERNATIONAL ANH QUANG — no source_url
[2026-05-30T01:50:38.419Z] [629/5381] OK   CREATECH VINA CO.,LTD ( 주식회사 크레아테크 비나 ) → 제품 59자, 직원 "한국인 : 1명 내국인 : 31명 그 외 : 명"
[2026-05-30T01:50:40.967Z] [630/5381] OK   CRESYN HANOI CO.,LTD → (기본 정보만)
[2026-05-30T01:50:41.969Z] [631/5381] SKIP CRESYN HANOI COMPANY LIMITED — no source_url
[2026-05-30T01:50:42.993Z] [632/5381] OK   CROWE VIETNAM CO., LTD → (기본 정보만)
[2026-05-30T01:50:45.478Z] [633/5381] OK   CS Bearing Vietnam Co.,Ltd ( 씨에스베이링 베트남 ) → 제품 75자, 직원 "한국인 : 10명 내국인 : 240명 그 외 : 명"
[2026-05-30T01:50:47.888Z] [634/5381] OK   CS WIND VIETNAM CO.,LTD ( 씨에스 윈드 베트남 ) → 제품 49자, 직원 "한국인 : 2명 내국인 : 830명 그 외 : 명"
